#
# A fatal error has been detected by the Java Runtime Environment:
#
#  EXCEPTION_ACCESS_VIOLATION (0xc0000005) at pc=0x00007ff83046d385, pid=16580, tid=11532
#
# JRE version: OpenJDK Runtime Environment (11.0.13) (build 11.0.13+0-b1751.21-8125866)
# Java VM: OpenJDK 64-Bit Server VM (11.0.13+0-b1751.21-8125866, mixed mode, tiered, compressed oops, g1 gc, windows-amd64)
# Problematic frame:
# V  [jvm.dll+0x63d385]
#
# No core dump will be written. Minidumps are not enabled by default on client versions of Windows
#
# If you would like to submit a bug report, please visit:
#   https://bugreport.java.com/bugreport/crash.jsp
#

---------------  S U M M A R Y ------------

Command Line: --add-opens=java.base/java.util=ALL-UNNAMED --add-opens=java.base/java.lang=ALL-UNNAMED --add-opens=java.base/java.lang.invoke=ALL-UNNAMED --add-opens=java.base/java.util=ALL-UNNAMED --add-opens=java.prefs/java.util.prefs=ALL-UNNAMED --add-opens=java.prefs/java.util.prefs=ALL-UNNAMED --add-opens=java.base/java.nio.charset=ALL-UNNAMED --add-opens=java.base/java.net=ALL-UNNAMED --add-opens=java.base/java.util.concurrent.atomic=ALL-UNNAMED -Xmx2048m -Dfile.encoding=UTF-8 -Duser.country=US -Duser.language=en -Duser.variant org.gradle.launcher.daemon.bootstrap.GradleDaemon 7.4

Host: Intel(R) Core(TM) i5 CPU       M 560  @ 2.67GHz, 4 cores, 7G,  Windows 10 , 64 bit Build 19041 (10.0.19041.2251)
Time: Mon Nov 14 17:45:41 2022 Romance Standard Time elapsed time: 434.819964 seconds (0d 0h 7m 14s)

---------------  T H R E A D  ---------------

Current thread (0x00000220f2783000):  JavaThread "C2 CompilerThread0" daemon [_thread_in_native, id=11532, stack(0x00000093d5c00000,0x00000093d5d00000)]


Current CompileTask:
C2: 434820 15380       4       com.android.utils.XmlUtils::append (645 bytes)

Stack: [0x00000093d5c00000,0x00000093d5d00000],  sp=0x00000093d5cfb620,  free space=1005k
Native frames: (J=compiled Java code, j=interpreted, Vv=VM code, C=native code)
V  [jvm.dll+0x63d385]
V  [jvm.dll+0x20c526]
V  [jvm.dll+0x204282]
V  [jvm.dll+0x2023c2]
V  [jvm.dll+0x188e01]
V  [jvm.dll+0x21106b]
V  [jvm.dll+0x20f8c1]
V  [jvm.dll+0x70de0f]
V  [jvm.dll+0x706a75]
V  [jvm.dll+0x60ed66]
C  [ucrtbase.dll+0x21bb2]
C  [KERNEL32.DLL+0x174b4]
C  [ntdll.dll+0x526a1]


siginfo: EXCEPTION_ACCESS_VIOLATION (0xc0000005), reading address 0xffffffffffffffff


Register to memory mapping:

RIP=0x00007ff83046d385 jvm.dll
RAX=0x00000220fb4d36a0 points into unknown readable memory: 0x00000220f30fc750 | 50 c7 0f f3 20 02 00 00
RBX=0x0000000000005c42 is an unknown value
RCX=0x0080000000000000 is an unknown value
RDX=0x00000093d5cfe740 is pointing into the stack for thread: 0x00000220f2783000
RSP=0x00000093d5cfb620 is pointing into the stack for thread: 0x00000220f2783000
RBP=0x00000220f30fcb50 points into unknown readable memory: 0x00007ff8306d8008 | 08 80 6d 30 f8 7f 00 00
RSI=0x0000000000000007 is an unknown value
RDI=0x00000093d5cfc330 is pointing into the stack for thread: 0x00000220f2783000
R8 =0x00000220f91051b0 points into unknown readable memory: 0x00007ff8306d8eb8 | b8 8e 6d 30 f8 7f 00 00
R9 =0x0 is NULL
R10=0x00000220fe153da0 points into unknown readable memory: 0x00000220fdb82ae0 | e0 2a b8 fd 20 02 00 00
R11=0x00000220fad98100 points into unknown readable memory: 0x00000220fb83f188 | 88 f1 83 fb 20 02 00 00
R12=0x00000000000020d6 is an unknown value
R13=0x00000093d5cfc330 is pointing into the stack for thread: 0x00000220f2783000
R14=0x000000000002e210 is an unknown value
R15=0x0 is NULL


Registers:
RAX=0x00000220fb4d36a0, RBX=0x0000000000005c42, RCX=0x0080000000000000, RDX=0x00000093d5cfe740
RSP=0x00000093d5cfb620, RBP=0x00000220f30fcb50, RSI=0x0000000000000007, RDI=0x00000093d5cfc330
R8 =0x00000220f91051b0, R9 =0x0000000000000000, R10=0x00000220fe153da0, R11=0x00000220fad98100
R12=0x00000000000020d6, R13=0x00000093d5cfc330, R14=0x000000000002e210, R15=0x0000000000000000
RIP=0x00007ff83046d385, EFLAGS=0x0000000000010206

Top of Stack: (sp=0x00000093d5cfb620)
0x00000093d5cfb620:   0000000000004b65 0000000000000007
0x00000093d5cfb630:   0000022000000000 00007ff87fffffff
0x00000093d5cfb640:   00000000000020d5 00007ff83003c526
0x00000093d5cfb650:   00000093d5cfb6d0 0000000000000007
0x00000093d5cfb660:   00000220f8992e28 0000022080ddd758
0x00000093d5cfb670:   00000220f2779040 00007ff800004000
0x00000093d5cfb680:   00000220fad88100 00000000000020d6
0x00000093d5cfb690:   00007ff8306c8fa8 00000220f2779040
0x00000093d5cfb6a0:   0000009300000400 000002208088eef0
0x00000093d5cfb6b0:   0000000000000000 00007ff83003c26d
0x00000093d5cfb6c0:   00000093d5cfe470 00000220f8992e28
0x00000093d5cfb6d0:   00000220f277a5d8 00000093d5cfe470
0x00000093d5cfb6e0:   00000093d5cfb7f0 00007ff830034282
0x00000093d5cfb6f0:   00007ff8306676b0 0000000000000000
0x00000093d5cfb700:   0000009300000007 00000220f2779040
0x00000093d5cfb710:   00000093d5cfbb00 00007ff8303374e5 

Instructions: (pc=0x00007ff83046d385)
0x00007ff83046d285:   c0 e8 03 a8 01 74 0c 48 8b 4d 10 48 8b d6 e8 f8
0x00007ff83046d295:   fd b4 ff 66 85 7e 30 74 16 48 8b 46 08 48 83 38
0x00007ff83046d2a5:   00 74 0c 48 8b 4d 10 48 8b d6 e8 9c ec bc ff 8b
0x00007ff83046d2b5:   46 2c 83 e0 3f 3c 34 75 12 80 7e 48 00 74 0c 48
0x00007ff83046d2c5:   8b 4d 10 48 8b d6 e8 00 ee bc ff 48 8b 06 48 8b
0x00007ff83046d2d5:   ce ff 10 3d e2 00 00 00 75 0c 48 8b 4d 10 48 8b
0x00007ff83046d2e5:   d6 e8 25 ed bc ff 48 8b 05 5e 19 3e 00 48 8b d6
0x00007ff83046d2f5:   48 8b 48 28 48 8b 01 ff 90 b0 00 00 00 49 8b 46
0x00007ff83046d305:   10 bf 00 40 00 00 41 bf 00 00 00 00 49 39 06 0f
0x00007ff83046d315:   83 96 fc ff ff 4c 8b 6c 24 20 4c 8b 64 24 60 48
0x00007ff83046d325:   8b 7c 24 58 48 8b 74 24 50 48 83 c4 28 41 5f 41
0x00007ff83046d335:   5e 5d 5b c3 cc cc cc cc cc cc cc 48 89 5c 24 20
0x00007ff83046d345:   57 48 83 ec 20 33 db 48 8b f9 39 59 48 76 6b 48
0x00007ff83046d355:   89 6c 24 30 48 89 74 24 38 4c 89 74 24 40 0f 1f
0x00007ff83046d365:   40 00 66 0f 1f 84 00 00 00 00 00 48 8b 47 50 4c
0x00007ff83046d375:   8d 34 dd 00 00 00 00 49 8b 0c 06 48 85 c9 74 24
0x00007ff83046d385:   48 8b 01 ff 90 80 00 00 00 48 8b e8 3b 5f 48 72
0x00007ff83046d395:   0b 8b d3 48 8d 4f 40 e8 3f 19 fb ff 48 8b 4f 50
0x00007ff83046d3a5:   49 89 2c 0e ff c3 3b 5f 48 72 c0 4c 8b 74 24 40
0x00007ff83046d3b5:   48 8b 74 24 38 48 8b 6c 24 30 48 8b 5c 24 48 48
0x00007ff83046d3c5:   83 c4 20 5f c3 cc cc cc cc cc cc 48 89 5c 24 10
0x00007ff83046d3d5:   48 89 74 24 18 48 89 7c 24 20 8b 41 08 48 8b f2
0x00007ff83046d3e5:   48 8b 59 20 48 8b f9 85 c0 74 56 45 33 c9 44 8b
0x00007ff83046d3f5:   d8 66 66 0f 1f 84 00 00 00 00 00 4c 8b 57 18 4b
0x00007ff83046d405:   8b 04 0a 48 85 c0 74 2f 48 3b c3 74 2a 8b 48 28
0x00007ff83046d415:   8b c1 c1 e8 05 3b 46 10 73 19 44 8b c0 83 e1 1f
0x00007ff83046d425:   48 8b 46 18 ba 01 00 00 00 d3 e2 42 8b 04 80 23
0x00007ff83046d435:   c2 75 04 4b 89 1c 0a 49 83 c1 08 49 83 eb 01 75
0x00007ff83046d445:   ba 48 8b 5c 24 10 48 8b 74 24 18 48 8b 7c 24 20
0x00007ff83046d455:   c3 cc cc cc cc cc cc cc cc cc cc 48 89 5c 24 20
0x00007ff83046d465:   41 54 41 56 41 57 48 83 ec 20 4c 8b 61 10 48 8b
0x00007ff83046d475:   da 44 8b 71 20 4c 8b f9 49 ff ce 4f 8d 34 f4 4d 


Stack slot to memory mapping:
stack at sp + 0 slots: 0x0000000000004b65 is an unknown value
stack at sp + 1 slots: 0x0000000000000007 is an unknown value
stack at sp + 2 slots: 0x0000022000000000 is an unknown value
stack at sp + 3 slots: 0x00007ff87fffffff is an unknown value
stack at sp + 4 slots: 0x00000000000020d5 is an unknown value
stack at sp + 5 slots: 0x00007ff83003c526 jvm.dll
stack at sp + 6 slots: 0x00000093d5cfb6d0 is pointing into the stack for thread: 0x00000220f2783000
stack at sp + 7 slots: 0x0000000000000007 is an unknown value


---------------  P R O C E S S  ---------------

Threads class SMR info:
_java_thread_list=0x00000220fa9c7730, length=90, elements={
0x00000220d8b5f800, 0x00000220f275c000, 0x00000220f2766000, 0x00000220f2777800,
0x00000220f277b800, 0x00000220f277c800, 0x00000220f2783000, 0x00000220f2784000,
0x00000220f2787800, 0x00000220f3236000, 0x00000220f5525000, 0x00000220f34a6800,
0x00000220f5558800, 0x00000220f5be7800, 0x00000220f5be6000, 0x00000220f5be8800,
0x00000220f5be6800, 0x00000220f4955800, 0x00000220f4954000, 0x00000220f4957000,
0x00000220f4958000, 0x00000220f4956800, 0x00000220f4954800, 0x00000220f495e800,
0x00000220fa98b000, 0x00000220fa98f000, 0x00000220f4959000, 0x00000220f4953000,
0x00000220f495f800, 0x00000220f4959800, 0x00000220f495a800, 0x00000220f495b000,
0x00000220f495c000, 0x00000220f495d000, 0x00000220fa98e800, 0x00000220fa98d800,
0x00000220fa990000, 0x00000220fa98c000, 0x00000220fa98c800, 0x00000220fa98a800,
0x00000220fa991000, 0x00000220f922c800, 0x00000220f922f000, 0x00000220f922d800,
0x00000220f922e000, 0x00000220f922f800, 0x00000220f9230800, 0x00000220f9231800,
0x00000220f922b800, 0x00000220f9233000, 0x00000220f9235800, 0x00000220f9234000,
0x00000220f9236800, 0x00000220f9234800, 0x00000220f9237000, 0x00000220f9238000,
0x00000220f9232000, 0x00000220f9239800, 0x00000220f9238800, 0x00000220f923a800,
0x00000220fad31800, 0x00000220fad2c800, 0x00000220fad2f000, 0x00000220fad2f800,
0x00000220fad33000, 0x00000220fad2d000, 0x00000220fad2e000, 0x00000220fad33800,
0x00000220fad30800, 0x00000220fad36000, 0x00000220fad37000, 0x00000220fad38000,
0x00000220fad32000, 0x00000220fad38800, 0x00000220fad39800, 0x00000220fad3a000,
0x00000220fad34800, 0x00000220fad3b000, 0x00000220fad35800, 0x00000220f560a000,
0x00000220f560b800, 0x00000220f5608800, 0x00000220f5607800, 0x00000220f5607000,
0x00000220f5609000, 0x00000220f560b000, 0x00000220f5606000, 0x00000220f560d800,
0x00000220fdc9d000, 0x00000220f5611800
}

Java Threads: ( => current thread )
  0x00000220d8b5f800 JavaThread "main" [_thread_blocked, id=3460, stack(0x00000093d5000000,0x00000093d5100000)]
  0x00000220f275c000 JavaThread "Reference Handler" daemon [_thread_blocked, id=15772, stack(0x00000093d5700000,0x00000093d5800000)]
  0x00000220f2766000 JavaThread "Finalizer" daemon [_thread_blocked, id=5664, stack(0x00000093d5800000,0x00000093d5900000)]
  0x00000220f2777800 JavaThread "Signal Dispatcher" daemon [_thread_blocked, id=15592, stack(0x00000093d5900000,0x00000093d5a00000)]
  0x00000220f277b800 JavaThread "Attach Listener" daemon [_thread_blocked, id=11332, stack(0x00000093d5a00000,0x00000093d5b00000)]
  0x00000220f277c800 JavaThread "Service Thread" daemon [_thread_blocked, id=8264, stack(0x00000093d5b00000,0x00000093d5c00000)]
=>0x00000220f2783000 JavaThread "C2 CompilerThread0" daemon [_thread_in_native, id=11532, stack(0x00000093d5c00000,0x00000093d5d00000)]
  0x00000220f2784000 JavaThread "C1 CompilerThread0" daemon [_thread_blocked, id=15448, stack(0x00000093d5d00000,0x00000093d5e00000)]
  0x00000220f2787800 JavaThread "Sweeper thread" daemon [_thread_blocked, id=15396, stack(0x00000093d5e00000,0x00000093d5f00000)]
  0x00000220f3236000 JavaThread "Common-Cleaner" daemon [_thread_blocked, id=16228, stack(0x00000093d5f00000,0x00000093d6000000)]
  0x00000220f5525000 JavaThread "Daemon health stats" [_thread_blocked, id=2680, stack(0x00000093d6400000,0x00000093d6500000)]
  0x00000220f34a6800 JavaThread "Incoming local TCP Connector on port 57110" [_thread_in_native, id=17096, stack(0x00000093d6100000,0x00000093d6200000)]
  0x00000220f5558800 JavaThread "Daemon periodic checks" [_thread_blocked, id=18352, stack(0x00000093d6600000,0x00000093d6700000)]
  0x00000220f5be7800 JavaThread "Cache worker for journal cache (C:\Users\george\.gradle\caches\journal-1)" [_thread_blocked, id=2376, stack(0x00000093d6e00000,0x00000093d6f00000)]
  0x00000220f5be6000 JavaThread "File lock request listener" [_thread_in_native, id=17868, stack(0x00000093d6f00000,0x00000093d7000000)]
  0x00000220f5be8800 JavaThread "Cache worker for file hash cache (C:\Users\george\.gradle\caches\7.4\fileHashes)" [_thread_blocked, id=7768, stack(0x00000093d7000000,0x00000093d7100000)]
  0x00000220f5be6800 JavaThread "File watcher server" daemon [_thread_in_native, id=7568, stack(0x00000093d7200000,0x00000093d7300000)]
  0x00000220f4955800 JavaThread "File watcher consumer" daemon [_thread_blocked, id=2040, stack(0x00000093d7300000,0x00000093d7400000)]
  0x00000220f4954000 JavaThread "jar transforms" [_thread_blocked, id=12616, stack(0x00000093d7400000,0x00000093d7500000)]
  0x00000220f4957000 JavaThread "jar transforms Thread 2" [_thread_blocked, id=14500, stack(0x00000093d7500000,0x00000093d7600000)]
  0x00000220f4958000 JavaThread "jar transforms Thread 3" [_thread_blocked, id=7208, stack(0x00000093d7600000,0x00000093d7700000)]
  0x00000220f4956800 JavaThread "jar transforms Thread 4" [_thread_blocked, id=3760, stack(0x00000093d7700000,0x00000093d7800000)]
  0x00000220f4954800 JavaThread "Cache worker for execution history cache (C:\Users\george\.gradle\caches\7.4\executionHistory)" [_thread_blocked, id=16840, stack(0x00000093d7b00000,0x00000093d7c00000)]
  0x00000220f495e800 JavaThread "Cache worker for file content cache (C:\Users\george\.gradle\caches\7.4\fileContent)" [_thread_blocked, id=6260, stack(0x00000093d7d00000,0x00000093d7e00000)]
  0x00000220fa98b000 JavaThread "Memory manager" [_thread_blocked, id=5268, stack(0x00000093da800000,0x00000093da900000)]
  0x00000220fa98f000 JavaThread "pool-3-thread-1" [_thread_blocked, id=14680, stack(0x00000093daa00000,0x00000093dab00000)]
  0x00000220f4959000 JavaThread "Daemon Thread 2" [_thread_blocked, id=7776, stack(0x00000093d4e00000,0x00000093d4f00000)]
  0x00000220f4953000 JavaThread "Handler for socket connection from /127.0.0.1:57110 to /127.0.0.1:57329" [_thread_in_native, id=9164, stack(0x00000093d4f00000,0x00000093d5000000)]
  0x00000220f495f800 JavaThread "Cancel handler" [_thread_blocked, id=9568, stack(0x00000093d6700000,0x00000093d6800000)]
  0x00000220f4959800 JavaThread "Daemon worker Thread 2" [_thread_blocked, id=5948, stack(0x00000093d6800000,0x00000093d6900000)]
  0x00000220f495a800 JavaThread "Asynchronous log dispatcher for DefaultDaemonConnection: socket connection from /127.0.0.1:57110 to /127.0.0.1:57329" [_thread_blocked, id=2732, stack(0x00000093d6900000,0x00000093d6a00000)]
  0x00000220f495b000 JavaThread "Stdin handler" [_thread_blocked, id=16156, stack(0x00000093d6a00000,0x00000093d6b00000)]
  0x00000220f495c000 JavaThread "Daemon client event forwarder" [_thread_blocked, id=15712, stack(0x00000093d6b00000,0x00000093d6c00000)]
  0x00000220f495d000 JavaThread "Cache worker for checksums cache (C:\Users\george\AndroidStudioProjects\helph\.gradle\7.4\checksums)" [_thread_blocked, id=16036, stack(0x00000093d6c00000,0x00000093d6d00000)]
  0x00000220fa98e800 JavaThread "Cache worker for cache directory md-rule (C:\Users\george\.gradle\caches\7.4\md-rule)" [_thread_blocked, id=15736, stack(0x00000093d6d00000,0x00000093d6e00000)]
  0x00000220fa98d800 JavaThread "Cache worker for file hash cache (C:\Users\george\AndroidStudioProjects\helph\.gradle\7.4\fileHashes)" [_thread_blocked, id=8092, stack(0x00000093d7100000,0x00000093d7200000)]
  0x00000220fa990000 JavaThread "Cache worker for cache directory md-supplier (C:\Users\george\.gradle\caches\7.4\md-supplier)" [_thread_blocked, id=17704, stack(0x00000093d7800000,0x00000093d7900000)]
  0x00000220fa98c000 JavaThread "Cache worker for dependencies-accessors (C:\Users\george\AndroidStudioProjects\helph\.gradle\7.4\dependencies-accessors)" [_thread_blocked, id=5432, stack(0x00000093d7900000,0x00000093d7a00000)]
  0x00000220fa98c800 JavaThread "Cache worker for Build Output Cleanup Cache (C:\Users\george\AndroidStudioProjects\helph\.gradle\buildOutputCleanup)" [_thread_blocked, id=4652, stack(0x00000093d7a00000,0x00000093d7b00000)]
  0x00000220fa98a800 JavaThread "Unconstrained build operations" [_thread_blocked, id=604, stack(0x00000093d7e00000,0x00000093d7f00000)]
  0x00000220fa991000 JavaThread "Unconstrained build operations Thread 2" [_thread_blocked, id=11952, stack(0x00000093d7f00000,0x00000093d8000000)]
  0x00000220f922c800 JavaThread "Unconstrained build operations Thread 3" [_thread_blocked, id=6856, stack(0x00000093d8000000,0x00000093d8100000)]
  0x00000220f922f000 JavaThread "Unconstrained build operations Thread 4" [_thread_blocked, id=14288, stack(0x00000093d8100000,0x00000093d8200000)]
  0x00000220f922d800 JavaThread "Unconstrained build operations Thread 5" [_thread_blocked, id=17576, stack(0x00000093d8200000,0x00000093d8300000)]
  0x00000220f922e000 JavaThread "Unconstrained build operations Thread 6" [_thread_blocked, id=17344, stack(0x00000093d8300000,0x00000093d8400000)]
  0x00000220f922f800 JavaThread "Unconstrained build operations Thread 7" [_thread_blocked, id=240, stack(0x00000093d8400000,0x00000093d8500000)]
  0x00000220f9230800 JavaThread "Unconstrained build operations Thread 8" [_thread_blocked, id=10372, stack(0x00000093d8500000,0x00000093d8600000)]
  0x00000220f9231800 JavaThread "Unconstrained build operations Thread 9" [_thread_blocked, id=7620, stack(0x00000093d8600000,0x00000093d8700000)]
  0x00000220f922b800 JavaThread "Unconstrained build operations Thread 10" [_thread_blocked, id=3060, stack(0x00000093d8700000,0x00000093d8800000)]
  0x00000220f9233000 JavaThread "Unconstrained build operations Thread 11" [_thread_blocked, id=11748, stack(0x00000093d8800000,0x00000093d8900000)]
  0x00000220f9235800 JavaThread "Unconstrained build operations Thread 12" [_thread_blocked, id=8140, stack(0x00000093d8900000,0x00000093d8a00000)]
  0x00000220f9234000 JavaThread "Unconstrained build operations Thread 13" [_thread_blocked, id=11760, stack(0x00000093d8a00000,0x00000093d8b00000)]
  0x00000220f9236800 JavaThread "Unconstrained build operations Thread 14" [_thread_blocked, id=9832, stack(0x00000093d8b00000,0x00000093d8c00000)]
  0x00000220f9234800 JavaThread "Unconstrained build operations Thread 15" [_thread_blocked, id=13448, stack(0x00000093d8c00000,0x00000093d8d00000)]
  0x00000220f9237000 JavaThread "Unconstrained build operations Thread 16" [_thread_blocked, id=15704, stack(0x00000093d8d00000,0x00000093d8e00000)]
  0x00000220f9238000 JavaThread "Unconstrained build operations Thread 17" [_thread_blocked, id=6596, stack(0x00000093d8e00000,0x00000093d8f00000)]
  0x00000220f9232000 JavaThread "Unconstrained build operations Thread 18" [_thread_blocked, id=17292, stack(0x00000093d8f00000,0x00000093d9000000)]
  0x00000220f9239800 JavaThread "Unconstrained build operations Thread 19" [_thread_blocked, id=16984, stack(0x00000093d9000000,0x00000093d9100000)]
  0x00000220f9238800 JavaThread "Unconstrained build operations Thread 20" [_thread_blocked, id=15392, stack(0x00000093d9100000,0x00000093d9200000)]
  0x00000220f923a800 JavaThread "Unconstrained build operations Thread 21" [_thread_blocked, id=5908, stack(0x00000093d9200000,0x00000093d9300000)]
  0x00000220fad31800 JavaThread "Unconstrained build operations Thread 22" [_thread_blocked, id=6972, stack(0x00000093d9300000,0x00000093d9400000)]
  0x00000220fad2c800 JavaThread "Unconstrained build operations Thread 23" [_thread_blocked, id=13232, stack(0x00000093d9400000,0x00000093d9500000)]
  0x00000220fad2f000 JavaThread "Unconstrained build operations Thread 24" [_thread_blocked, id=2972, stack(0x00000093d9500000,0x00000093d9600000)]
  0x00000220fad2f800 JavaThread "Unconstrained build operations Thread 25" [_thread_blocked, id=13536, stack(0x00000093d9600000,0x00000093d9700000)]
  0x00000220fad33000 JavaThread "Unconstrained build operations Thread 26" [_thread_blocked, id=17584, stack(0x00000093d9700000,0x00000093d9800000)]
  0x00000220fad2d000 JavaThread "Unconstrained build operations Thread 27" [_thread_blocked, id=13028, stack(0x00000093d9800000,0x00000093d9900000)]
  0x00000220fad2e000 JavaThread "Unconstrained build operations Thread 28" [_thread_blocked, id=9040, stack(0x00000093d9900000,0x00000093d9a00000)]
  0x00000220fad33800 JavaThread "Unconstrained build operations Thread 29" [_thread_blocked, id=7460, stack(0x00000093d9a00000,0x00000093d9b00000)]
  0x00000220fad30800 JavaThread "Unconstrained build operations Thread 30" [_thread_blocked, id=17548, stack(0x00000093d9b00000,0x00000093d9c00000)]
  0x00000220fad36000 JavaThread "Unconstrained build operations Thread 31" [_thread_blocked, id=15976, stack(0x00000093d9c00000,0x00000093d9d00000)]
  0x00000220fad37000 JavaThread "Unconstrained build operations Thread 32" [_thread_blocked, id=9252, stack(0x00000093d9d00000,0x00000093d9e00000)]
  0x00000220fad38000 JavaThread "Unconstrained build operations Thread 33" [_thread_blocked, id=17376, stack(0x00000093d9e00000,0x00000093d9f00000)]
  0x00000220fad32000 JavaThread "Unconstrained build operations Thread 34" [_thread_blocked, id=7548, stack(0x00000093d9f00000,0x00000093da000000)]
  0x00000220fad38800 JavaThread "Unconstrained build operations Thread 35" [_thread_blocked, id=8216, stack(0x00000093da000000,0x00000093da100000)]
  0x00000220fad39800 JavaThread "Unconstrained build operations Thread 36" [_thread_blocked, id=9028, stack(0x00000093da100000,0x00000093da200000)]
  0x00000220fad3a000 JavaThread "Unconstrained build operations Thread 37" [_thread_blocked, id=3524, stack(0x00000093da200000,0x00000093da300000)]
  0x00000220fad34800 JavaThread "Unconstrained build operations Thread 38" [_thread_blocked, id=13144, stack(0x00000093da300000,0x00000093da400000)]
  0x00000220fad3b000 JavaThread "Unconstrained build operations Thread 39" [_thread_blocked, id=16336, stack(0x00000093da400000,0x00000093da500000)]
  0x00000220fad35800 JavaThread "Unconstrained build operations Thread 40" [_thread_blocked, id=15540, stack(0x00000093da500000,0x00000093da600000)]
  0x00000220f560a000 JavaThread "build event listener" [_thread_blocked, id=16484, stack(0x00000093da600000,0x00000093da700000)]
  0x00000220f560b800 JavaThread "pool-6-thread-1" [_thread_blocked, id=448, stack(0x00000093da700000,0x00000093da800000)]
  0x00000220f5608800 JavaThread "build event listener" [_thread_blocked, id=10604, stack(0x00000093da900000,0x00000093daa00000)]
  0x00000220f5607800 JavaThread "included builds" [_thread_blocked, id=13088, stack(0x00000093dab00000,0x00000093dac00000)]
  0x00000220f5607000 JavaThread "Execution worker for ':'" [_thread_blocked, id=1660, stack(0x00000093dac00000,0x00000093dad00000)]
  0x00000220f5609000 JavaThread "Execution worker for ':' Thread 2" [_thread_in_native, id=10316, stack(0x00000093dad00000,0x00000093dae00000)]
  0x00000220f560b000 JavaThread "Execution worker for ':' Thread 3" [_thread_blocked, id=16080, stack(0x00000093dae00000,0x00000093daf00000)]
  0x00000220f5606000 JavaThread "Cache worker for execution history cache (C:\Users\george\AndroidStudioProjects\helph\.gradle\7.4\executionHistory)" [_thread_blocked, id=6924, stack(0x00000093daf00000,0x00000093db000000)]
  0x00000220f560d800 JavaThread "WorkerExecutor Queue" [_thread_blocked, id=16676, stack(0x00000093db000000,0x00000093db100000)]
  0x00000220fdc9d000 JavaThread "C2 CompilerThread1" daemon [_thread_blocked, id=13148, stack(0x00000093d7c00000,0x00000093d7d00000)]
  0x00000220f5611800 JavaThread "WorkerExecutor Queue Thread 2" [_thread_blocked, id=13552, stack(0x00000093db100000,0x00000093db200000)]

Other Threads:
  0x00000220f2754800 VMThread "VM Thread" [stack: 0x00000093d5600000,0x00000093d5700000] [id=18016]
  0x00000220f32a0800 WatcherThread [stack: 0x00000093d6000000,0x00000093d6100000] [id=1212]
  0x00000220d8b73000 GCTaskThread "GC Thread#0" [stack: 0x00000093d5100000,0x00000093d5200000] [id=17628]
  0x00000220f3e5c000 GCTaskThread "GC Thread#1" [stack: 0x00000093d6200000,0x00000093d6300000] [id=17332]
  0x00000220f3636800 GCTaskThread "GC Thread#2" [stack: 0x00000093d6300000,0x00000093d6400000] [id=13644]
  0x00000220f6288800 GCTaskThread "GC Thread#3" [stack: 0x00000093d6500000,0x00000093d6600000] [id=15348]
  0x00000220d8ba4000 ConcurrentGCThread "G1 Main Marker" [stack: 0x00000093d5200000,0x00000093d5300000] [id=5636]
  0x00000220d8ba6800 ConcurrentGCThread "G1 Conc#0" [stack: 0x00000093d5300000,0x00000093d5400000] [id=3304]
  0x00000220d8c35000 ConcurrentGCThread "G1 Refine#0" [stack: 0x00000093d5400000,0x00000093d5500000] [id=7672]
  0x00000220d8c36000 ConcurrentGCThread "G1 Young RemSet Sampling" [stack: 0x00000093d5500000,0x00000093d5600000] [id=13624]

Threads with active compile tasks:
C2 CompilerThread0 434919 15380       4       com.android.utils.XmlUtils::append (645 bytes)

VM state:not at safepoint (normal execution)

VM Mutex/Monitor currently owned by a thread: None

Heap address: 0x0000000080000000, size: 2048 MB, Compressed Oops mode: 32-bit
Narrow klass base: 0x0000000000000000, Narrow klass shift: 3
Compressed class space size: 1073741824 Address: 0x0000000100000000

Heap:
 garbage-first heap   total 225280K, used 220134K [0x0000000080000000, 0x0000000100000000)
  region size 1024K, 6 young (6144K), 1 survivors (1024K)
 Metaspace       used 117281K, capacity 120273K, committed 120496K, reserved 1155072K
  class space    used 14490K, capacity 15589K, committed 15616K, reserved 1048576K
Heap Regions: E=young(eden), S=young(survivor), O=old, HS=humongous(starts), HC=humongous(continues), CS=collection set, F=free, A=archive, TAMS=top-at-mark-start (previous, next)
|   0|0x0000000080000000, 0x0000000080100000, 0x0000000080100000|100%|HS|  |TAMS 0x0000000080100000, 0x0000000080000000| Complete 
|   1|0x0000000080100000, 0x0000000080200000, 0x0000000080200000|100%|HC|  |TAMS 0x0000000080200000, 0x0000000080100000| Complete 
|   2|0x0000000080200000, 0x0000000080300000, 0x0000000080300000|100%|HC|  |TAMS 0x0000000080300000, 0x0000000080200000| Complete 
|   3|0x0000000080300000, 0x0000000080400000, 0x0000000080400000|100%| O|  |TAMS 0x0000000080400000, 0x0000000080300000| Untracked 
|   4|0x0000000080400000, 0x0000000080500000, 0x0000000080500000|100%| O|  |TAMS 0x0000000080500000, 0x0000000080400000| Untracked 
|   5|0x0000000080500000, 0x0000000080600000, 0x0000000080600000|100%| O|  |TAMS 0x0000000080600000, 0x0000000080500000| Untracked 
|   6|0x0000000080600000, 0x0000000080700000, 0x0000000080700000|100%| O|  |TAMS 0x0000000080700000, 0x0000000080600000| Untracked 
|   7|0x0000000080700000, 0x0000000080800000, 0x0000000080800000|100%| O|  |TAMS 0x0000000080800000, 0x0000000080700000| Untracked 
|   8|0x0000000080800000, 0x0000000080900000, 0x0000000080900000|100%| O|  |TAMS 0x0000000080900000, 0x0000000080800000| Untracked 
|   9|0x0000000080900000, 0x0000000080a00000, 0x0000000080a00000|100%| O|  |TAMS 0x0000000080a00000, 0x0000000080900000| Complete 
|  10|0x0000000080a00000, 0x0000000080b00000, 0x0000000080b00000|100%| O|  |TAMS 0x0000000080b00000, 0x0000000080a00000| Untracked 
|  11|0x0000000080b00000, 0x0000000080c00000, 0x0000000080c00000|100%| O|  |TAMS 0x0000000080c00000, 0x0000000080b00000| Complete 
|  12|0x0000000080c00000, 0x0000000080d00000, 0x0000000080d00000|100%| O|  |TAMS 0x0000000080d00000, 0x0000000080c00000| Untracked 
|  13|0x0000000080d00000, 0x0000000080e00000, 0x0000000080e00000|100%| O|  |TAMS 0x0000000080e00000, 0x0000000080d00000| Untracked 
|  14|0x0000000080e00000, 0x0000000080f00000, 0x0000000080f00000|100%| O|  |TAMS 0x0000000080f00000, 0x0000000080e00000| Untracked 
|  15|0x0000000080f00000, 0x0000000081000000, 0x0000000081000000|100%| O|  |TAMS 0x0000000081000000, 0x0000000080f00000| Complete 
|  16|0x0000000081000000, 0x0000000081100000, 0x0000000081100000|100%|HS|  |TAMS 0x0000000081100000, 0x0000000081000000| Complete 
|  17|0x0000000081100000, 0x0000000081200000, 0x0000000081200000|100%|HC|  |TAMS 0x0000000081200000, 0x0000000081100000| Complete 
|  18|0x0000000081200000, 0x0000000081300000, 0x0000000081300000|100%|HS|  |TAMS 0x0000000081300000, 0x0000000081200000| Complete 
|  19|0x0000000081300000, 0x0000000081400000, 0x0000000081400000|100%|HC|  |TAMS 0x0000000081400000, 0x0000000081300000| Complete 
|  20|0x0000000081400000, 0x0000000081500000, 0x0000000081500000|100%|HC|  |TAMS 0x0000000081500000, 0x0000000081400000| Complete 
|  21|0x0000000081500000, 0x0000000081600000, 0x0000000081600000|100%|HS|  |TAMS 0x0000000081600000, 0x0000000081500000| Complete 
|  22|0x0000000081600000, 0x0000000081700000, 0x0000000081700000|100%|HC|  |TAMS 0x0000000081700000, 0x0000000081600000| Complete 
|  23|0x0000000081700000, 0x0000000081800000, 0x0000000081800000|100%|HC|  |TAMS 0x0000000081800000, 0x0000000081700000| Complete 
|  24|0x0000000081800000, 0x0000000081900000, 0x0000000081900000|100%|HS|  |TAMS 0x0000000081900000, 0x0000000081800000| Complete 
|  25|0x0000000081900000, 0x0000000081a00000, 0x0000000081a00000|100%|HC|  |TAMS 0x0000000081a00000, 0x0000000081900000| Complete 
|  26|0x0000000081a00000, 0x0000000081b00000, 0x0000000081b00000|100%|HC|  |TAMS 0x0000000081b00000, 0x0000000081a00000| Complete 
|  27|0x0000000081b00000, 0x0000000081c00000, 0x0000000081c00000|100%|HC|  |TAMS 0x0000000081c00000, 0x0000000081b00000| Complete 
|  28|0x0000000081c00000, 0x0000000081d00000, 0x0000000081d00000|100%|HC|  |TAMS 0x0000000081d00000, 0x0000000081c00000| Complete 
|  29|0x0000000081d00000, 0x0000000081e00000, 0x0000000081e00000|100%|HS|  |TAMS 0x0000000081e00000, 0x0000000081d00000| Complete 
|  30|0x0000000081e00000, 0x0000000081f00000, 0x0000000081f00000|100%|HS|  |TAMS 0x0000000081f00000, 0x0000000081e00000| Complete 
|  31|0x0000000081f00000, 0x0000000082000000, 0x0000000082000000|100%|HC|  |TAMS 0x0000000082000000, 0x0000000081f00000| Complete 
|  32|0x0000000082000000, 0x0000000082100000, 0x0000000082100000|100%|HC|  |TAMS 0x0000000082100000, 0x0000000082000000| Complete 
|  33|0x0000000082100000, 0x0000000082200000, 0x0000000082200000|100%|HC|  |TAMS 0x0000000082200000, 0x0000000082100000| Complete 
|  34|0x0000000082200000, 0x0000000082300000, 0x0000000082300000|100%| O|  |TAMS 0x0000000082300000, 0x0000000082200000| Complete 
|  35|0x0000000082300000, 0x0000000082400000, 0x0000000082400000|100%| O|  |TAMS 0x0000000082400000, 0x0000000082300000| Untracked 
|  36|0x0000000082400000, 0x0000000082500000, 0x0000000082500000|100%| O|  |TAMS 0x0000000082500000, 0x0000000082400000| Untracked 
|  37|0x0000000082500000, 0x0000000082600000, 0x0000000082600000|100%| O|  |TAMS 0x0000000082600000, 0x0000000082500000| Complete 
|  38|0x0000000082600000, 0x0000000082700000, 0x0000000082700000|100%| O|  |TAMS 0x0000000082700000, 0x0000000082600000| Complete 
|  39|0x0000000082700000, 0x0000000082800000, 0x0000000082800000|100%| O|  |TAMS 0x0000000082800000, 0x0000000082700000| Untracked 
|  40|0x0000000082800000, 0x0000000082900000, 0x0000000082900000|100%| O|  |TAMS 0x0000000082900000, 0x0000000082800000| Untracked 
|  41|0x0000000082900000, 0x0000000082a00000, 0x0000000082a00000|100%| O|  |TAMS 0x0000000082a00000, 0x0000000082900000| Untracked 
|  42|0x0000000082a00000, 0x0000000082b00000, 0x0000000082b00000|100%| O|  |TAMS 0x0000000082b00000, 0x0000000082a00000| Complete 
|  43|0x0000000082b00000, 0x0000000082c00000, 0x0000000082c00000|100%| O|  |TAMS 0x0000000082c00000, 0x0000000082b00000| Complete 
|  44|0x0000000082c00000, 0x0000000082d00000, 0x0000000082d00000|100%|HS|  |TAMS 0x0000000082d00000, 0x0000000082c00000| Complete 
|  45|0x0000000082d00000, 0x0000000082e00000, 0x0000000082e00000|100%|HC|  |TAMS 0x0000000082e00000, 0x0000000082d00000| Complete 
|  46|0x0000000082e00000, 0x0000000082f00000, 0x0000000082f00000|100%|HC|  |TAMS 0x0000000082f00000, 0x0000000082e00000| Complete 
|  47|0x0000000082f00000, 0x0000000083000000, 0x0000000083000000|100%| O|  |TAMS 0x0000000083000000, 0x0000000082f00000| Untracked 
|  48|0x0000000083000000, 0x0000000083100000, 0x0000000083100000|100%| O|  |TAMS 0x0000000083100000, 0x0000000083000000| Untracked 
|  49|0x0000000083100000, 0x0000000083200000, 0x0000000083200000|100%| O|  |TAMS 0x0000000083200000, 0x0000000083100000| Untracked 
|  50|0x0000000083200000, 0x0000000083300000, 0x0000000083300000|100%| O|  |TAMS 0x0000000083300000, 0x0000000083200000| Untracked 
|  51|0x0000000083300000, 0x0000000083400000, 0x0000000083400000|100%| O|  |TAMS 0x0000000083400000, 0x0000000083300000| Untracked 
|  52|0x0000000083400000, 0x0000000083500000, 0x0000000083500000|100%|HS|  |TAMS 0x0000000083500000, 0x0000000083400000| Complete 
|  53|0x0000000083500000, 0x0000000083600000, 0x0000000083600000|100%|HC|  |TAMS 0x0000000083600000, 0x0000000083500000| Complete 
|  54|0x0000000083600000, 0x0000000083700000, 0x0000000083700000|100%|HC|  |TAMS 0x0000000083700000, 0x0000000083600000| Complete 
|  55|0x0000000083700000, 0x0000000083800000, 0x0000000083800000|100%|HC|  |TAMS 0x0000000083800000, 0x0000000083700000| Complete 
|  56|0x0000000083800000, 0x0000000083900000, 0x0000000083900000|100%|HS|  |TAMS 0x0000000083900000, 0x0000000083800000| Complete 
|  57|0x0000000083900000, 0x0000000083a00000, 0x0000000083a00000|100%|HC|  |TAMS 0x0000000083a00000, 0x0000000083900000| Complete 
|  58|0x0000000083a00000, 0x0000000083b00000, 0x0000000083b00000|100%|HC|  |TAMS 0x0000000083b00000, 0x0000000083a00000| Complete 
|  59|0x0000000083b00000, 0x0000000083c00000, 0x0000000083c00000|100%|HS|  |TAMS 0x0000000083c00000, 0x0000000083b00000| Complete 
|  60|0x0000000083c00000, 0x0000000083d00000, 0x0000000083d00000|100%|HC|  |TAMS 0x0000000083d00000, 0x0000000083c00000| Complete 
|  61|0x0000000083d00000, 0x0000000083e00000, 0x0000000083e00000|100%| O|  |TAMS 0x0000000083e00000, 0x0000000083d00000| Untracked 
|  62|0x0000000083e00000, 0x0000000083f00000, 0x0000000083f00000|100%| O|  |TAMS 0x0000000083f00000, 0x0000000083e00000| Complete 
|  63|0x0000000083f00000, 0x0000000084000000, 0x0000000084000000|100%| O|  |TAMS 0x0000000084000000, 0x0000000083f00000| Untracked 
|  64|0x0000000084000000, 0x0000000084100000, 0x0000000084100000|100%| O|  |TAMS 0x0000000084100000, 0x0000000084000000| Untracked 
|  65|0x0000000084100000, 0x0000000084200000, 0x0000000084200000|100%| O|  |TAMS 0x0000000084200000, 0x0000000084100000| Complete 
|  66|0x0000000084200000, 0x0000000084300000, 0x0000000084300000|100%| O|  |TAMS 0x0000000084300000, 0x0000000084200000| Complete 
|  67|0x0000000084300000, 0x0000000084400000, 0x0000000084400000|100%|HS|  |TAMS 0x0000000084400000, 0x0000000084300000| Complete 
|  68|0x0000000084400000, 0x0000000084500000, 0x0000000084500000|100%|HC|  |TAMS 0x0000000084500000, 0x0000000084400000| Complete 
|  69|0x0000000084500000, 0x0000000084600000, 0x0000000084600000|100%|HC|  |TAMS 0x0000000084600000, 0x0000000084500000| Complete 
|  70|0x0000000084600000, 0x0000000084700000, 0x0000000084700000|100%|HC|  |TAMS 0x0000000084700000, 0x0000000084600000| Complete 
|  71|0x0000000084700000, 0x0000000084800000, 0x0000000084800000|100%|HC|  |TAMS 0x0000000084800000, 0x0000000084700000| Complete 
|  72|0x0000000084800000, 0x0000000084900000, 0x0000000084900000|100%| O|  |TAMS 0x0000000084900000, 0x0000000084800000| Untracked 
|  73|0x0000000084900000, 0x0000000084a00000, 0x0000000084a00000|100%| O|  |TAMS 0x0000000084a00000, 0x0000000084900000| Untracked 
|  74|0x0000000084a00000, 0x0000000084b00000, 0x0000000084b00000|100%| O|  |TAMS 0x0000000084b00000, 0x0000000084a00000| Complete 
|  75|0x0000000084b00000, 0x0000000084c00000, 0x0000000084c00000|100%| O|  |TAMS 0x0000000084c00000, 0x0000000084b00000| Complete 
|  76|0x0000000084c00000, 0x0000000084d00000, 0x0000000084d00000|100%| O|  |TAMS 0x0000000084d00000, 0x0000000084c00000| Untracked 
|  77|0x0000000084d00000, 0x0000000084e00000, 0x0000000084e00000|100%| O|  |TAMS 0x0000000084e00000, 0x0000000084d00000| Untracked 
|  78|0x0000000084e00000, 0x0000000084f00000, 0x0000000084f00000|100%| O|  |TAMS 0x0000000084f00000, 0x0000000084e00000| Complete 
|  79|0x0000000084f00000, 0x0000000085000000, 0x0000000085000000|100%| O|  |TAMS 0x0000000085000000, 0x0000000084f00000| Complete 
|  80|0x0000000085000000, 0x0000000085100000, 0x0000000085100000|100%|HS|  |TAMS 0x0000000085100000, 0x0000000085000000| Complete 
|  81|0x0000000085100000, 0x0000000085200000, 0x0000000085200000|100%|HS|  |TAMS 0x0000000085200000, 0x0000000085100000| Complete 
|  82|0x0000000085200000, 0x0000000085300000, 0x0000000085300000|100%| O|  |TAMS 0x0000000085300000, 0x0000000085200000| Untracked 
|  83|0x0000000085300000, 0x0000000085400000, 0x0000000085400000|100%| O|  |TAMS 0x0000000085400000, 0x0000000085300000| Complete 
|  84|0x0000000085400000, 0x0000000085500000, 0x0000000085500000|100%|HS|  |TAMS 0x0000000085500000, 0x0000000085400000| Complete 
|  85|0x0000000085500000, 0x0000000085600000, 0x0000000085600000|100%|HS|  |TAMS 0x0000000085600000, 0x0000000085500000| Complete 
|  86|0x0000000085600000, 0x0000000085700000, 0x0000000085700000|100%|HC|  |TAMS 0x0000000085700000, 0x0000000085600000| Complete 
|  87|0x0000000085700000, 0x0000000085800000, 0x0000000085800000|100%|HC|  |TAMS 0x0000000085800000, 0x0000000085700000| Complete 
|  88|0x0000000085800000, 0x0000000085900000, 0x0000000085900000|100%|HC|  |TAMS 0x0000000085900000, 0x0000000085800000| Complete 
|  89|0x0000000085900000, 0x0000000085a00000, 0x0000000085a00000|100%| O|  |TAMS 0x0000000085a00000, 0x0000000085900000| Untracked 
|  90|0x0000000085a00000, 0x0000000085b00000, 0x0000000085b00000|100%| O|  |TAMS 0x0000000085b00000, 0x0000000085a00000| Untracked 
|  91|0x0000000085b00000, 0x0000000085c00000, 0x0000000085c00000|100%| O|  |TAMS 0x0000000085c00000, 0x0000000085b00000| Untracked 
|  92|0x0000000085c00000, 0x0000000085d00000, 0x0000000085d00000|100%| O|  |TAMS 0x0000000085d00000, 0x0000000085c00000| Untracked 
|  93|0x0000000085d00000, 0x0000000085e00000, 0x0000000085e00000|100%| O|  |TAMS 0x0000000085e00000, 0x0000000085d00000| Complete 
|  94|0x0000000085e00000, 0x0000000085f00000, 0x0000000085f00000|100%| O|  |TAMS 0x0000000085f00000, 0x0000000085e00000| Untracked 
|  95|0x0000000085f00000, 0x0000000086000000, 0x0000000086000000|100%|HS|  |TAMS 0x0000000086000000, 0x0000000085f00000| Complete 
|  96|0x0000000086000000, 0x0000000086100000, 0x0000000086100000|100%|HC|  |TAMS 0x0000000086100000, 0x0000000086000000| Complete 
|  97|0x0000000086100000, 0x0000000086200000, 0x0000000086200000|100%| O|  |TAMS 0x0000000086200000, 0x0000000086100000| Untracked 
|  98|0x0000000086200000, 0x0000000086300000, 0x0000000086300000|100%| O|  |TAMS 0x0000000086300000, 0x0000000086200000| Complete 
|  99|0x0000000086300000, 0x0000000086400000, 0x0000000086400000|100%| O|  |TAMS 0x0000000086400000, 0x0000000086300000| Complete 
| 100|0x0000000086400000, 0x0000000086500000, 0x0000000086500000|100%| O|  |TAMS 0x0000000086500000, 0x0000000086400000| Complete 
| 101|0x0000000086500000, 0x0000000086600000, 0x0000000086600000|100%| O|  |TAMS 0x0000000086600000, 0x0000000086500000| Untracked 
| 102|0x0000000086600000, 0x0000000086700000, 0x0000000086700000|100%| O|  |TAMS 0x0000000086700000, 0x0000000086600000| Untracked 
| 103|0x0000000086700000, 0x0000000086800000, 0x0000000086800000|100%| O|  |TAMS 0x0000000086800000, 0x0000000086700000| Untracked 
| 104|0x0000000086800000, 0x0000000086900000, 0x0000000086900000|100%| O|  |TAMS 0x0000000086900000, 0x0000000086800000| Complete 
| 105|0x0000000086900000, 0x0000000086a00000, 0x0000000086a00000|100%| O|  |TAMS 0x0000000086a00000, 0x0000000086900000| Complete 
| 106|0x0000000086a00000, 0x0000000086b00000, 0x0000000086b00000|100%| O|  |TAMS 0x0000000086b00000, 0x0000000086a00000| Untracked 
| 107|0x0000000086b00000, 0x0000000086c00000, 0x0000000086c00000|100%| O|  |TAMS 0x0000000086c00000, 0x0000000086b00000| Complete 
| 108|0x0000000086c00000, 0x0000000086d00000, 0x0000000086d00000|100%| O|  |TAMS 0x0000000086d00000, 0x0000000086c00000| Untracked 
| 109|0x0000000086d00000, 0x0000000086e00000, 0x0000000086e00000|100%| O|  |TAMS 0x0000000086e00000, 0x0000000086d00000| Untracked 
| 110|0x0000000086e00000, 0x0000000086f00000, 0x0000000086f00000|100%| O|  |TAMS 0x0000000086f00000, 0x0000000086e00000| Untracked 
| 111|0x0000000086f00000, 0x0000000087000000, 0x0000000087000000|100%| O|  |TAMS 0x0000000087000000, 0x0000000086f00000| Complete 
| 112|0x0000000087000000, 0x0000000087100000, 0x0000000087100000|100%| O|  |TAMS 0x0000000087100000, 0x0000000087000000| Complete 
| 113|0x0000000087100000, 0x0000000087200000, 0x0000000087200000|100%|HS|  |TAMS 0x0000000087200000, 0x0000000087100000| Complete 
| 114|0x0000000087200000, 0x0000000087300000, 0x0000000087300000|100%|HC|  |TAMS 0x0000000087300000, 0x0000000087200000| Complete 
| 115|0x0000000087300000, 0x0000000087400000, 0x0000000087400000|100%|HS|  |TAMS 0x0000000087400000, 0x0000000087300000| Complete 
| 116|0x0000000087400000, 0x0000000087500000, 0x0000000087500000|100%|HC|  |TAMS 0x0000000087500000, 0x0000000087400000| Complete 
| 117|0x0000000087500000, 0x0000000087600000, 0x0000000087600000|100%|HC|  |TAMS 0x0000000087600000, 0x0000000087500000| Complete 
| 118|0x0000000087600000, 0x0000000087700000, 0x0000000087700000|100%|HS|  |TAMS 0x0000000087700000, 0x0000000087600000| Complete 
| 119|0x0000000087700000, 0x0000000087800000, 0x0000000087800000|100%|HC|  |TAMS 0x0000000087800000, 0x0000000087700000| Complete 
| 120|0x0000000087800000, 0x0000000087900000, 0x0000000087900000|100%|HC|  |TAMS 0x0000000087900000, 0x0000000087800000| Complete 
| 121|0x0000000087900000, 0x0000000087a00000, 0x0000000087a00000|100%|HS|  |TAMS 0x0000000087a00000, 0x0000000087900000| Complete 
| 122|0x0000000087a00000, 0x0000000087b00000, 0x0000000087b00000|100%|HC|  |TAMS 0x0000000087b00000, 0x0000000087a00000| Complete 
| 123|0x0000000087b00000, 0x0000000087c00000, 0x0000000087c00000|100%|HC|  |TAMS 0x0000000087c00000, 0x0000000087b00000| Complete 
| 124|0x0000000087c00000, 0x0000000087d00000, 0x0000000087d00000|100%|HC|  |TAMS 0x0000000087d00000, 0x0000000087c00000| Complete 
| 125|0x0000000087d00000, 0x0000000087e00000, 0x0000000087e00000|100%|HC|  |TAMS 0x0000000087e00000, 0x0000000087d00000| Complete 
| 126|0x0000000087e00000, 0x0000000087f00000, 0x0000000087f00000|100%|HS|  |TAMS 0x0000000087f00000, 0x0000000087e00000| Complete 
| 127|0x0000000087f00000, 0x0000000088000000, 0x0000000088000000|100%|HS|  |TAMS 0x0000000088000000, 0x0000000087f00000| Complete 
| 128|0x0000000088000000, 0x0000000088100000, 0x0000000088100000|100%|HC|  |TAMS 0x0000000088100000, 0x0000000088000000| Complete 
| 129|0x0000000088100000, 0x0000000088200000, 0x0000000088200000|100%|HC|  |TAMS 0x0000000088200000, 0x0000000088100000| Complete 
| 130|0x0000000088200000, 0x0000000088300000, 0x0000000088300000|100%|HC|  |TAMS 0x0000000088300000, 0x0000000088200000| Complete 
| 131|0x0000000088300000, 0x0000000088400000, 0x0000000088400000|100%| O|  |TAMS 0x0000000088400000, 0x0000000088300000| Complete 
| 132|0x0000000088400000, 0x0000000088500000, 0x0000000088500000|100%| O|  |TAMS 0x0000000088500000, 0x0000000088400000| Untracked 
| 133|0x0000000088500000, 0x0000000088600000, 0x0000000088600000|100%| O|  |TAMS 0x0000000088600000, 0x0000000088500000| Complete 
| 134|0x0000000088600000, 0x0000000088700000, 0x0000000088700000|100%| O|  |TAMS 0x0000000088700000, 0x0000000088600000| Complete 
| 135|0x0000000088700000, 0x0000000088800000, 0x0000000088800000|100%| O|  |TAMS 0x0000000088800000, 0x0000000088700000| Untracked 
| 136|0x0000000088800000, 0x0000000088900000, 0x0000000088900000|100%| O|  |TAMS 0x0000000088900000, 0x0000000088800000| Untracked 
| 137|0x0000000088900000, 0x0000000088a00000, 0x0000000088a00000|100%| O|  |TAMS 0x0000000088a00000, 0x0000000088900000| Untracked 
| 138|0x0000000088a00000, 0x0000000088b00000, 0x0000000088b00000|100%| O|  |TAMS 0x0000000088b00000, 0x0000000088a00000| Untracked 
| 139|0x0000000088b00000, 0x0000000088c00000, 0x0000000088c00000|100%| O|  |TAMS 0x0000000088c00000, 0x0000000088b00000| Untracked 
| 140|0x0000000088c00000, 0x0000000088d00000, 0x0000000088d00000|100%| O|  |TAMS 0x0000000088d00000, 0x0000000088c00000| Untracked 
| 141|0x0000000088d00000, 0x0000000088e00000, 0x0000000088e00000|100%| O|  |TAMS 0x0000000088e00000, 0x0000000088d00000| Complete 
| 142|0x0000000088e00000, 0x0000000088f00000, 0x0000000088f00000|100%| O|  |TAMS 0x0000000088f00000, 0x0000000088e00000| Untracked 
| 143|0x0000000088f00000, 0x0000000089000000, 0x0000000089000000|100%| O|  |TAMS 0x0000000089000000, 0x0000000088f00000| Complete 
| 144|0x0000000089000000, 0x0000000089100000, 0x0000000089100000|100%| O|  |TAMS 0x0000000089100000, 0x0000000089000000| Complete 
| 145|0x0000000089100000, 0x0000000089200000, 0x0000000089200000|100%| O|  |TAMS 0x0000000089200000, 0x0000000089100000| Untracked 
| 146|0x0000000089200000, 0x0000000089300000, 0x0000000089300000|100%| O|  |TAMS 0x0000000089300000, 0x0000000089200000| Complete 
| 147|0x0000000089300000, 0x0000000089400000, 0x0000000089400000|100%| O|  |TAMS 0x0000000089400000, 0x0000000089300000| Complete 
| 148|0x0000000089400000, 0x0000000089500000, 0x0000000089500000|100%| O|  |TAMS 0x0000000089500000, 0x0000000089400000| Complete 
| 149|0x0000000089500000, 0x0000000089600000, 0x0000000089600000|100%| O|  |TAMS 0x0000000089600000, 0x0000000089500000| Untracked 
| 150|0x0000000089600000, 0x0000000089700000, 0x0000000089700000|100%| O|  |TAMS 0x0000000089700000, 0x0000000089600000| Complete 
| 151|0x0000000089700000, 0x0000000089800000, 0x0000000089800000|100%| O|  |TAMS 0x0000000089800000, 0x0000000089700000| Complete 
| 152|0x0000000089800000, 0x0000000089900000, 0x0000000089900000|100%| O|  |TAMS 0x0000000089900000, 0x0000000089800000| Complete 
| 153|0x0000000089900000, 0x0000000089a00000, 0x0000000089a00000|100%| O|  |TAMS 0x0000000089a00000, 0x0000000089900000| Complete 
| 154|0x0000000089a00000, 0x0000000089b00000, 0x0000000089b00000|100%| O|  |TAMS 0x0000000089b00000, 0x0000000089a00000| Complete 
| 155|0x0000000089b00000, 0x0000000089c00000, 0x0000000089c00000|100%| O|  |TAMS 0x0000000089c00000, 0x0000000089b00000| Untracked 
| 156|0x0000000089c00000, 0x0000000089d00000, 0x0000000089d00000|100%| O|  |TAMS 0x0000000089d00000, 0x0000000089c00000| Untracked 
| 157|0x0000000089d00000, 0x0000000089e00000, 0x0000000089e00000|100%| O|  |TAMS 0x0000000089e00000, 0x0000000089d00000| Untracked 
| 158|0x0000000089e00000, 0x0000000089f00000, 0x0000000089f00000|100%| O|  |TAMS 0x0000000089f00000, 0x0000000089e00000| Untracked 
| 159|0x0000000089f00000, 0x000000008a000000, 0x000000008a000000|100%| O|  |TAMS 0x000000008a000000, 0x0000000089f00000| Untracked 
| 160|0x000000008a000000, 0x000000008a100000, 0x000000008a100000|100%| O|  |TAMS 0x000000008a100000, 0x000000008a000000| Untracked 
| 161|0x000000008a100000, 0x000000008a200000, 0x000000008a200000|100%| O|  |TAMS 0x000000008a200000, 0x000000008a100000| Untracked 
| 162|0x000000008a200000, 0x000000008a300000, 0x000000008a300000|100%| O|  |TAMS 0x000000008a300000, 0x000000008a200000| Untracked 
| 163|0x000000008a300000, 0x000000008a400000, 0x000000008a400000|100%| O|  |TAMS 0x000000008a400000, 0x000000008a300000| Complete 
| 164|0x000000008a400000, 0x000000008a500000, 0x000000008a500000|100%| O|  |TAMS 0x000000008a500000, 0x000000008a400000| Complete 
| 165|0x000000008a500000, 0x000000008a600000, 0x000000008a600000|100%| O|  |TAMS 0x000000008a600000, 0x000000008a500000| Untracked 
| 166|0x000000008a600000, 0x000000008a700000, 0x000000008a700000|100%| O|  |TAMS 0x000000008a700000, 0x000000008a600000| Untracked 
| 167|0x000000008a700000, 0x000000008a800000, 0x000000008a800000|100%| O|  |TAMS 0x000000008a800000, 0x000000008a700000| Untracked 
| 168|0x000000008a800000, 0x000000008a900000, 0x000000008a900000|100%| O|  |TAMS 0x000000008a900000, 0x000000008a800000| Complete 
| 169|0x000000008a900000, 0x000000008aa00000, 0x000000008aa00000|100%| O|  |TAMS 0x000000008aa00000, 0x000000008a900000| Untracked 
| 170|0x000000008aa00000, 0x000000008ab00000, 0x000000008ab00000|100%| O|  |TAMS 0x000000008ab00000, 0x000000008aa00000| Untracked 
| 171|0x000000008ab00000, 0x000000008ac00000, 0x000000008ac00000|100%| O|  |TAMS 0x000000008ac00000, 0x000000008ab00000| Complete 
| 172|0x000000008ac00000, 0x000000008ad00000, 0x000000008ad00000|100%| O|  |TAMS 0x000000008ad00000, 0x000000008ac00000| Complete 
| 173|0x000000008ad00000, 0x000000008ae00000, 0x000000008ae00000|100%| O|  |TAMS 0x000000008ae00000, 0x000000008ad00000| Untracked 
| 174|0x000000008ae00000, 0x000000008af00000, 0x000000008af00000|100%| O|  |TAMS 0x000000008af00000, 0x000000008ae00000| Untracked 
| 175|0x000000008af00000, 0x000000008b000000, 0x000000008b000000|100%| O|  |TAMS 0x000000008b000000, 0x000000008af00000| Untracked 
| 176|0x000000008b000000, 0x000000008b100000, 0x000000008b100000|100%| O|  |TAMS 0x000000008b100000, 0x000000008b000000| Untracked 
| 177|0x000000008b100000, 0x000000008b200000, 0x000000008b200000|100%| O|  |TAMS 0x000000008b200000, 0x000000008b100000| Untracked 
| 178|0x000000008b200000, 0x000000008b300000, 0x000000008b300000|100%| O|  |TAMS 0x000000008b300000, 0x000000008b200000| Untracked 
| 179|0x000000008b300000, 0x000000008b400000, 0x000000008b400000|100%| O|  |TAMS 0x000000008b400000, 0x000000008b300000| Untracked 
| 180|0x000000008b400000, 0x000000008b500000, 0x000000008b500000|100%| O|  |TAMS 0x000000008b500000, 0x000000008b400000| Untracked 
| 181|0x000000008b500000, 0x000000008b600000, 0x000000008b600000|100%| O|  |TAMS 0x000000008b600000, 0x000000008b500000| Untracked 
| 182|0x000000008b600000, 0x000000008b700000, 0x000000008b700000|100%| O|  |TAMS 0x000000008b700000, 0x000000008b600000| Untracked 
| 183|0x000000008b700000, 0x000000008b800000, 0x000000008b800000|100%| O|  |TAMS 0x000000008b800000, 0x000000008b700000| Untracked 
| 184|0x000000008b800000, 0x000000008b900000, 0x000000008b900000|100%| O|  |TAMS 0x000000008b900000, 0x000000008b800000| Complete 
| 185|0x000000008b900000, 0x000000008ba00000, 0x000000008ba00000|100%| O|  |TAMS 0x000000008ba00000, 0x000000008b900000| Untracked 
| 186|0x000000008ba00000, 0x000000008bb00000, 0x000000008bb00000|100%| O|  |TAMS 0x000000008bb00000, 0x000000008ba00000| Untracked 
| 187|0x000000008bb00000, 0x000000008bc00000, 0x000000008bc00000|100%| O|  |TAMS 0x000000008bc00000, 0x000000008bb00000| Untracked 
| 188|0x000000008bc00000, 0x000000008bd00000, 0x000000008bd00000|100%| O|  |TAMS 0x000000008bd00000, 0x000000008bc00000| Complete 
| 189|0x000000008bd00000, 0x000000008be00000, 0x000000008be00000|100%| O|  |TAMS 0x000000008be00000, 0x000000008bd00000| Untracked 
| 190|0x000000008be00000, 0x000000008bf00000, 0x000000008bf00000|100%| O|  |TAMS 0x000000008bf00000, 0x000000008be00000| Untracked 
| 191|0x000000008bf00000, 0x000000008c000000, 0x000000008c000000|100%|HS|  |TAMS 0x000000008c000000, 0x000000008bf00000| Complete 
| 192|0x000000008c000000, 0x000000008c100000, 0x000000008c100000|100%| O|  |TAMS 0x000000008c100000, 0x000000008c000000| Untracked 
| 193|0x000000008c100000, 0x000000008c200000, 0x000000008c200000|100%| O|  |TAMS 0x000000008c200000, 0x000000008c100000| Untracked 
| 194|0x000000008c200000, 0x000000008c300000, 0x000000008c300000|100%| O|  |TAMS 0x000000008c300000, 0x000000008c200000| Untracked 
| 195|0x000000008c300000, 0x000000008c400000, 0x000000008c400000|100%| O|  |TAMS 0x000000008c400000, 0x000000008c300000| Untracked 
| 196|0x000000008c400000, 0x000000008c500000, 0x000000008c500000|100%| O|  |TAMS 0x000000008c500000, 0x000000008c400000| Untracked 
| 197|0x000000008c500000, 0x000000008c600000, 0x000000008c600000|100%| O|  |TAMS 0x000000008c600000, 0x000000008c500000| Untracked 
| 198|0x000000008c600000, 0x000000008c700000, 0x000000008c700000|100%| O|  |TAMS 0x000000008c700000, 0x000000008c600000| Complete 
| 199|0x000000008c700000, 0x000000008c800000, 0x000000008c800000|100%| O|  |TAMS 0x000000008c800000, 0x000000008c700000| Complete 
| 200|0x000000008c800000, 0x000000008c900000, 0x000000008c900000|100%| O|  |TAMS 0x000000008c87ba00, 0x000000008c800000| Complete 
| 201|0x000000008c900000, 0x000000008ca00000, 0x000000008ca00000|100%| O|  |TAMS 0x000000008c900000, 0x000000008c900000| Untracked 
| 202|0x000000008ca00000, 0x000000008cb00000, 0x000000008cb00000|100%| O|  |TAMS 0x000000008ca00000, 0x000000008ca00000| Untracked 
| 203|0x000000008cb00000, 0x000000008cc00000, 0x000000008cc00000|100%| O|  |TAMS 0x000000008cb00000, 0x000000008cb00000| Untracked 
| 204|0x000000008cc00000, 0x000000008cd00000, 0x000000008cd00000|100%| O|  |TAMS 0x000000008cc00000, 0x000000008cc00000| Untracked 
| 205|0x000000008cd00000, 0x000000008cd08200, 0x000000008ce00000|  3%| O|  |TAMS 0x000000008cd00000, 0x000000008cd00000| Untracked 
| 206|0x000000008ce00000, 0x000000008cf00000, 0x000000008cf00000|100%|HS|  |TAMS 0x000000008ce00000, 0x000000008ce00000| Complete 
| 207|0x000000008cf00000, 0x000000008d000000, 0x000000008d000000|100%|HS|  |TAMS 0x000000008cf00000, 0x000000008cf00000| Complete 
| 208|0x000000008d000000, 0x000000008d0f1880, 0x000000008d100000| 94%| S|CS|TAMS 0x000000008d000000, 0x000000008d000000| Complete 
| 209|0x000000008d100000, 0x000000008d200000, 0x000000008d200000|100%|HS|  |TAMS 0x000000008d100000, 0x000000008d100000| Complete 
| 210|0x000000008d200000, 0x000000008d300000, 0x000000008d300000|100%|HC|  |TAMS 0x000000008d200000, 0x000000008d200000| Complete 
| 211|0x000000008d300000, 0x000000008d400000, 0x000000008d400000|100%|HS|  |TAMS 0x000000008d300000, 0x000000008d300000| Complete 
| 212|0x000000008d400000, 0x000000008d500000, 0x000000008d500000|100%|HC|  |TAMS 0x000000008d400000, 0x000000008d400000| Complete 
| 213|0x000000008d500000, 0x000000008d500000, 0x000000008d600000|  0%| F|  |TAMS 0x000000008d500000, 0x000000008d500000| Untracked 
| 214|0x000000008d600000, 0x000000008d600000, 0x000000008d700000|  0%| F|  |TAMS 0x000000008d600000, 0x000000008d600000| Untracked 
| 215|0x000000008d700000, 0x000000008d7ca2a0, 0x000000008d800000| 78%| E|  |TAMS 0x000000008d700000, 0x000000008d700000| Complete 
| 216|0x000000008d800000, 0x000000008d900000, 0x000000008d900000|100%| E|CS|TAMS 0x000000008d800000, 0x000000008d800000| Complete 
| 217|0x000000008d900000, 0x000000008da00000, 0x000000008da00000|100%| E|  |TAMS 0x000000008d900000, 0x000000008d900000| Complete 
| 218|0x000000008da00000, 0x000000008db00000, 0x000000008db00000|100%| E|CS|TAMS 0x000000008da00000, 0x000000008da00000| Complete 
| 219|0x000000008db00000, 0x000000008dc00000, 0x000000008dc00000|100%| E|CS|TAMS 0x000000008db00000, 0x000000008db00000| Complete 

Card table byte_map: [0x00000220eba80000,0x00000220ebe80000] _byte_map_base: 0x00000220eb680000

Marking Bits (Prev, Next): (CMBitMap*) 0x00000220d8b9b3b0, (CMBitMap*) 0x00000220d8b9b378
 Prev Bits: [0x00000220ee280000, 0x00000220f0280000)
 Next Bits: [0x00000220ec280000, 0x00000220ee280000)

Polling page: 0x00000220d69a0000

Metaspace:

Usage:
  Non-class:    102.23 MB capacity,   100.38 MB ( 98%) used,     1.52 MB (  1%) free+waste,   335.75 KB ( <1%) overhead. 
      Class:     15.22 MB capacity,    14.15 MB ( 93%) used,   950.48 KB (  6%) free+waste,   148.38 KB ( <1%) overhead. 
       Both:    117.45 MB capacity,   114.53 MB ( 98%) used,     2.45 MB (  2%) free+waste,   484.13 KB ( <1%) overhead. 

Virtual space:
  Non-class space:      104.00 MB reserved,     102.42 MB ( 98%) committed 
      Class space:        1.00 GB reserved,      15.25 MB (  1%) committed 
             Both:        1.10 GB reserved,     117.67 MB ( 10%) committed 

Chunk freelists:
   Non-Class:  4.00 KB
       Class:  0 bytes
        Both:  4.00 KB

MaxMetaspaceSize: 17179869184.00 GB
CompressedClassSpaceSize: 1.00 GB
Initial GC threshold: 20.80 MB
Current GC threshold: 195.29 MB
CDS: off

CodeHeap 'non-profiled nmethods': size=120064Kb used=10073Kb max_used=10073Kb free=109990Kb
 bounds [0x00000220e4140000, 0x00000220e4b20000, 0x00000220eb680000]
CodeHeap 'profiled nmethods': size=120000Kb used=34841Kb max_used=34841Kb free=85158Kb
 bounds [0x00000220dcc10000, 0x00000220dee20000, 0x00000220e4140000]
CodeHeap 'non-nmethods': size=5696Kb used=2435Kb max_used=2509Kb free=3260Kb
 bounds [0x00000220dc680000, 0x00000220dc900000, 0x00000220dcc10000]
 total_blobs=16155 nmethods=15184 adapters=884
 compilation: enabled
              stopped_count=0, restarted_count=0
 full_count=0

Compilation events (20 events):
Event: 434.606 Thread 0x00000220fdc9d000 nmethod 15370 0x00000220e4afd610 code [0x00000220e4afd7a0, 0x00000220e4afdab8]
Event: 434.606 Thread 0x00000220fdc9d000 15369       4       com.android.utils.XmlUtils::toXmlAttributeValue (89 bytes)
Event: 434.626 Thread 0x00000220fdc9d000 nmethod 15369 0x00000220e4afdc10 code [0x00000220e4afdde0, 0x00000220e4afe478]
Event: 434.626 Thread 0x00000220fdc9d000 15341       4       org.apache.xerces.dom.ElementImpl::normalize (169 bytes)
Event: 434.687 Thread 0x00000220fdc9d000 nmethod 15341 0x00000220e4afe790 code [0x00000220e4afea40, 0x00000220e4affa00]
Event: 434.687 Thread 0x00000220fdc9d000 15367       4       com.android.utils.XmlUtils$PositionAwareStringBuilder::append (45 bytes)
Event: 434.697 Thread 0x00000220f2783000 nmethod 15220% 0x00000220e4b00490 code [0x00000220e4b00a80, 0x00000220e4b087c0]
Event: 434.699 Thread 0x00000220f2783000 15375 %     4       com.android.utils.XmlUtils::toXmlAttributeValue @ 7 (89 bytes)
Event: 434.703 Thread 0x00000220fdc9d000 nmethod 15367 0x00000220e4b0d310 code [0x00000220e4b0d4e0, 0x00000220e4b0db18]
Event: 434.703 Thread 0x00000220fdc9d000 15378       4       org.apache.xerces.dom.ParentNode::nodeListGetLength (141 bytes)
Event: 434.722 Thread 0x00000220fdc9d000 nmethod 15378 0x00000220e4b0df10 code [0x00000220e4b0e0c0, 0x00000220e4b0e678]
Event: 434.723 Thread 0x00000220f2783000 nmethod 15375% 0x00000220e4b0e810 code [0x00000220e4b0e9e0, 0x00000220e4b0f198]
Event: 434.723 Thread 0x00000220fdc9d000 15386       4       org.apache.xerces.dom.ElementImpl::getAttributes (36 bytes)
Event: 434.723 Thread 0x00000220f2783000 15380       4       com.android.utils.XmlUtils::append (645 bytes)
Event: 434.731 Thread 0x00000220fdc9d000 nmethod 15386 0x00000220e4b0f510 code [0x00000220e4b0f6e0, 0x00000220e4b0fa08]
Event: 434.731 Thread 0x00000220fdc9d000 15387       4       com.android.utils.XmlUtils::toXmlAttributeValue (89 bytes)
Event: 434.750 Thread 0x00000220fdc9d000 nmethod 15387 0x00000220e4b0fc10 code [0x00000220e4b0fde0, 0x00000220e4b10478]
Event: 434.750 Thread 0x00000220fdc9d000 15379       4       com.google.common.base.CharMatcher::countIn (39 bytes)
Event: 434.761 Thread 0x00000220fdc9d000 nmethod 15379 0x00000220e4b10790 code [0x00000220e4b10940, 0x00000220e4b10bf8]
Event: 434.761 Thread 0x00000220fdc9d000 15382       4       com.android.utils.XmlUtils$PositionAwareStringBuilder::append (69 bytes)

GC Heap History (20 events):
Event: 426.394 GC heap before
{Heap before GC invocations=94 (full 0):
 garbage-first heap   total 225280K, used 189498K [0x0000000080000000, 0x0000000100000000)
  region size 1024K, 11 young (11264K), 3 survivors (3072K)
 Metaspace       used 116031K, capacity 119047K, committed 119216K, reserved 1153024K
  class space    used 14401K, capacity 15501K, committed 15616K, reserved 1048576K
}
Event: 426.430 GC heap after
{Heap after GC invocations=95 (full 0):
 garbage-first heap   total 225280K, used 186368K [0x0000000080000000, 0x0000000100000000)
  region size 1024K, 2 young (2048K), 2 survivors (2048K)
 Metaspace       used 116031K, capacity 119047K, committed 119216K, reserved 1153024K
  class space    used 14401K, capacity 15501K, committed 15616K, reserved 1048576K
}
Event: 427.471 GC heap before
{Heap before GC invocations=95 (full 0):
 garbage-first heap   total 225280K, used 195584K [0x0000000080000000, 0x0000000100000000)
  region size 1024K, 11 young (11264K), 2 survivors (2048K)
 Metaspace       used 116407K, capacity 119352K, committed 119472K, reserved 1153024K
  class space    used 14444K, capacity 15537K, committed 15616K, reserved 1048576K
}
Event: 427.485 GC heap after
{Heap after GC invocations=96 (full 0):
 garbage-first heap   total 225280K, used 189187K [0x0000000080000000, 0x0000000100000000)
  region size 1024K, 2 young (2048K), 2 survivors (2048K)
 Metaspace       used 116407K, capacity 119352K, committed 119472K, reserved 1153024K
  class space    used 14444K, capacity 15537K, committed 15616K, reserved 1048576K
}
Event: 428.502 GC heap before
{Heap before GC invocations=97 (full 0):
 garbage-first heap   total 225280K, used 198403K [0x0000000080000000, 0x0000000100000000)
  region size 1024K, 11 young (11264K), 2 survivors (2048K)
 Metaspace       used 116510K, capacity 119480K, committed 119728K, reserved 1153024K
  class space    used 14444K, capacity 15537K, committed 15616K, reserved 1048576K
}
Event: 428.512 GC heap after
{Heap after GC invocations=98 (full 0):
 garbage-first heap   total 225280K, used 190056K [0x0000000080000000, 0x0000000100000000)
  region size 1024K, 1 young (1024K), 1 survivors (1024K)
 Metaspace       used 116510K, capacity 119480K, committed 119728K, reserved 1153024K
  class space    used 14444K, capacity 15537K, committed 15616K, reserved 1048576K
}
Event: 429.409 GC heap before
{Heap before GC invocations=98 (full 0):
 garbage-first heap   total 225280K, used 199272K [0x0000000080000000, 0x0000000100000000)
  region size 1024K, 11 young (11264K), 1 survivors (1024K)
 Metaspace       used 116565K, capacity 119480K, committed 119728K, reserved 1153024K
  class space    used 14444K, capacity 15537K, committed 15616K, reserved 1048576K
}
Event: 429.427 GC heap after
{Heap after GC invocations=99 (full 0):
 garbage-first heap   total 225280K, used 192500K [0x0000000080000000, 0x0000000100000000)
  region size 1024K, 2 young (2048K), 2 survivors (2048K)
 Metaspace       used 116565K, capacity 119480K, committed 119728K, reserved 1153024K
  class space    used 14444K, capacity 15537K, committed 15616K, reserved 1048576K
}
Event: 430.099 GC heap before
{Heap before GC invocations=99 (full 0):
 garbage-first heap   total 225280K, used 201716K [0x0000000080000000, 0x0000000100000000)
  region size 1024K, 11 young (11264K), 2 survivors (2048K)
 Metaspace       used 116583K, capacity 119480K, committed 119728K, reserved 1153024K
  class space    used 14444K, capacity 15537K, committed 15616K, reserved 1048576K
}
Event: 430.113 GC heap after
{Heap after GC invocations=100 (full 0):
 garbage-first heap   total 225280K, used 194861K [0x0000000080000000, 0x0000000100000000)
  region size 1024K, 2 young (2048K), 2 survivors (2048K)
 Metaspace       used 116583K, capacity 119480K, committed 119728K, reserved 1153024K
  class space    used 14444K, capacity 15537K, committed 15616K, reserved 1048576K
}
Event: 431.361 GC heap before
{Heap before GC invocations=101 (full 0):
 garbage-first heap   total 225280K, used 206125K [0x0000000080000000, 0x0000000100000000)
  region size 1024K, 11 young (11264K), 2 survivors (2048K)
 Metaspace       used 116592K, capacity 119544K, committed 119728K, reserved 1153024K
  class space    used 14444K, capacity 15537K, committed 15616K, reserved 1048576K
}
Event: 431.375 GC heap after
{Heap after GC invocations=102 (full 0):
 garbage-first heap   total 225280K, used 200214K [0x0000000080000000, 0x0000000100000000)
  region size 1024K, 2 young (2048K), 2 survivors (2048K)
 Metaspace       used 116592K, capacity 119544K, committed 119728K, reserved 1153024K
  class space    used 14444K, capacity 15537K, committed 15616K, reserved 1048576K
}
Event: 431.916 GC heap before
{Heap before GC invocations=102 (full 0):
 garbage-first heap   total 225280K, used 209430K [0x0000000080000000, 0x0000000100000000)
  region size 1024K, 11 young (11264K), 2 survivors (2048K)
 Metaspace       used 116604K, capacity 119544K, committed 119728K, reserved 1153024K
  class space    used 14444K, capacity 15537K, committed 15616K, reserved 1048576K
}
Event: 431.939 GC heap after
{Heap after GC invocations=103 (full 0):
 garbage-first heap   total 225280K, used 203960K [0x0000000080000000, 0x0000000100000000)
  region size 1024K, 2 young (2048K), 2 survivors (2048K)
 Metaspace       used 116604K, capacity 119544K, committed 119728K, reserved 1153024K
  class space    used 14444K, capacity 15537K, committed 15616K, reserved 1048576K
}
Event: 432.523 GC heap before
{Heap before GC invocations=103 (full 0):
 garbage-first heap   total 225280K, used 213176K [0x0000000080000000, 0x0000000100000000)
  region size 1024K, 11 young (11264K), 2 survivors (2048K)
 Metaspace       used 116682K, capacity 119608K, committed 119728K, reserved 1153024K
  class space    used 14444K, capacity 15537K, committed 15616K, reserved 1048576K
}
Event: 432.549 GC heap after
{Heap after GC invocations=104 (full 0):
 garbage-first heap   total 225280K, used 207342K [0x0000000080000000, 0x0000000100000000)
  region size 1024K, 2 young (2048K), 2 survivors (2048K)
 Metaspace       used 116682K, capacity 119608K, committed 119728K, reserved 1153024K
  class space    used 14444K, capacity 15537K, committed 15616K, reserved 1048576K
}
Event: 433.257 GC heap before
{Heap before GC invocations=104 (full 0):
 garbage-first heap   total 225280K, used 216558K [0x0000000080000000, 0x0000000100000000)
  region size 1024K, 11 young (11264K), 2 survivors (2048K)
 Metaspace       used 116865K, capacity 119865K, committed 119984K, reserved 1153024K
  class space    used 14451K, capacity 15537K, committed 15616K, reserved 1048576K
}
Event: 433.271 GC heap after
{Heap after GC invocations=105 (full 0):
 garbage-first heap   total 225280K, used 209920K [0x0000000080000000, 0x0000000100000000)
  region size 1024K, 2 young (2048K), 2 survivors (2048K)
 Metaspace       used 116865K, capacity 119865K, committed 119984K, reserved 1153024K
  class space    used 14451K, capacity 15537K, committed 15616K, reserved 1048576K
}
Event: 433.973 GC heap before
{Heap before GC invocations=106 (full 0):
 garbage-first heap   total 225280K, used 219136K [0x0000000080000000, 0x0000000100000000)
  region size 1024K, 11 young (11264K), 2 survivors (2048K)
 Metaspace       used 117145K, capacity 120145K, committed 120240K, reserved 1155072K
  class space    used 14481K, capacity 15589K, committed 15616K, reserved 1048576K
}
Event: 433.983 GC heap after
{Heap after GC invocations=107 (full 0):
 garbage-first heap   total 225280K, used 210918K [0x0000000080000000, 0x0000000100000000)
  region size 1024K, 1 young (1024K), 1 survivors (1024K)
 Metaspace       used 117145K, capacity 120145K, committed 120240K, reserved 1155072K
  class space    used 14481K, capacity 15589K, committed 15616K, reserved 1048576K
}

Deoptimization events (20 events):
Event: 434.242 Thread 0x00000220f5609000 Uncommon trap: trap_request=0xffffff4d fr.pc=0x00000220e4af2c90 relative=0x00000000000004d0
Event: 434.243 Thread 0x00000220f5609000 Uncommon trap: reason=unstable_if action=reinterpret pc=0x00000220e4af2c90 method=org.apache.xerces.dom.ParentNode.nodeListGetLength()I @ 71 c2
Event: 434.243 Thread 0x00000220f5609000 DEOPT PACKING pc=0x00000220e4af2c90 sp=0x00000093dadfa480
Event: 434.243 Thread 0x00000220f5609000 DEOPT UNPACKING pc=0x00000220dc6ca1a9 sp=0x00000093dadfa3d8 mode 2
Event: 434.697 Thread 0x00000220f5609000 Uncommon trap: trap_request=0xffffffbe fr.pc=0x00000220e4afe3f4 relative=0x0000000000000614
Event: 434.697 Thread 0x00000220f5609000 Uncommon trap: reason=profile_predicate action=maybe_recompile pc=0x00000220e4afe3f4 method=com.android.utils.XmlUtils.toXmlAttributeValue(Ljava/lang/String;)Ljava/lang/String; @ 9 c2
Event: 434.697 Thread 0x00000220f5609000 DEOPT PACKING pc=0x00000220e4afe3f4 sp=0x00000093dadfa0a0
Event: 434.697 Thread 0x00000220f5609000 DEOPT UNPACKING pc=0x00000220dc6ca1a9 sp=0x00000093dadfa040 mode 2
Event: 434.698 Thread 0x00000220f5609000 Uncommon trap: trap_request=0xffffffbe fr.pc=0x00000220e4afe3f4 relative=0x0000000000000614
Event: 434.698 Thread 0x00000220f5609000 Uncommon trap: reason=profile_predicate action=maybe_recompile pc=0x00000220e4afe3f4 method=com.android.utils.XmlUtils.toXmlAttributeValue(Ljava/lang/String;)Ljava/lang/String; @ 9 c2
Event: 434.698 Thread 0x00000220f5609000 DEOPT PACKING pc=0x00000220e4afe3f4 sp=0x00000093dadfa0a0
Event: 434.698 Thread 0x00000220f5609000 DEOPT UNPACKING pc=0x00000220dc6ca1a9 sp=0x00000093dadfa040 mode 2
Event: 434.698 Thread 0x00000220f5609000 Uncommon trap: trap_request=0xffffffbe fr.pc=0x00000220e4afe3f4 relative=0x0000000000000614
Event: 434.698 Thread 0x00000220f5609000 Uncommon trap: reason=profile_predicate action=maybe_recompile pc=0x00000220e4afe3f4 method=com.android.utils.XmlUtils.toXmlAttributeValue(Ljava/lang/String;)Ljava/lang/String; @ 9 c2
Event: 434.698 Thread 0x00000220f5609000 DEOPT PACKING pc=0x00000220e4afe3f4 sp=0x00000093dadf9ef0
Event: 434.698 Thread 0x00000220f5609000 DEOPT UNPACKING pc=0x00000220dc6ca1a9 sp=0x00000093dadf9e90 mode 2
Event: 434.698 Thread 0x00000220f5609000 Uncommon trap: trap_request=0xffffffbe fr.pc=0x00000220e4afe3f4 relative=0x0000000000000614
Event: 434.698 Thread 0x00000220f5609000 Uncommon trap: reason=profile_predicate action=maybe_recompile pc=0x00000220e4afe3f4 method=com.android.utils.XmlUtils.toXmlAttributeValue(Ljava/lang/String;)Ljava/lang/String; @ 9 c2
Event: 434.698 Thread 0x00000220f5609000 DEOPT PACKING pc=0x00000220e4afe3f4 sp=0x00000093dadf9ef0
Event: 434.698 Thread 0x00000220f5609000 DEOPT UNPACKING pc=0x00000220dc6ca1a9 sp=0x00000093dadf9e90 mode 2

Classes redefined (0 events):
No events

Internal exceptions (20 events):
Event: 423.371 Thread 0x00000220f495c000 Exception <a 'java/lang/NoSuchMethodError'{0x000000008c571cf0}: <clinit>> (0x000000008c571cf0) thrown at [./src/hotspot/share/prims/jni.cpp, line 1366]
Event: 423.378 Thread 0x00000220f495c000 Exception <a 'java/lang/NoSuchMethodError'{0x000000008c5a1ca8}: <clinit>> (0x000000008c5a1ca8) thrown at [./src/hotspot/share/prims/jni.cpp, line 1366]
Event: 423.379 Thread 0x00000220f495c000 Exception <a 'java/lang/NoSuchMethodError'{0x000000008c5aaa98}: <clinit>> (0x000000008c5aaa98) thrown at [./src/hotspot/share/prims/jni.cpp, line 1366]
Event: 425.776 Thread 0x00000220f5609000 Implicit null exception at 0x00000220e4495e84 to 0x00000220e449607c
Event: 433.696 Thread 0x00000220f5609000 Exception <a 'java/lang/NoSuchMethodError'{0x000000008d6ae750}: <clinit>> (0x000000008d6ae750) thrown at [./src/hotspot/share/prims/jni.cpp, line 1366]
Event: 433.702 Thread 0x00000220f5609000 Exception <a 'java/lang/NoSuchMethodError'{0x000000008d6bed50}: <clinit>> (0x000000008d6bed50) thrown at [./src/hotspot/share/prims/jni.cpp, line 1366]
Event: 433.840 Thread 0x00000220f5609000 Exception <a 'java/lang/NoSuchMethodError'{0x000000008d546638}: <clinit>> (0x000000008d546638) thrown at [./src/hotspot/share/prims/jni.cpp, line 1366]
Event: 433.842 Thread 0x00000220f5609000 Exception <a 'java/lang/NoSuchMethodError'{0x000000008d549200}: <clinit>> (0x000000008d549200) thrown at [./src/hotspot/share/prims/jni.cpp, line 1366]
Event: 433.845 Thread 0x00000220f5609000 Exception <a 'java/lang/NoSuchMethodError'{0x000000008d54dbe0}: <clinit>> (0x000000008d54dbe0) thrown at [./src/hotspot/share/prims/jni.cpp, line 1366]
Event: 433.845 Thread 0x00000220f5609000 Exception <a 'java/lang/NoSuchMethodError'{0x000000008d559380}: <clinit>> (0x000000008d559380) thrown at [./src/hotspot/share/prims/jni.cpp, line 1366]
Event: 433.861 Thread 0x00000220f5609000 Exception <a 'java/lang/NoSuchMethodError'{0x000000008d5b0cf8}: <clinit>> (0x000000008d5b0cf8) thrown at [./src/hotspot/share/prims/jni.cpp, line 1366]
Event: 433.867 Thread 0x00000220f5609000 Exception <a 'java/lang/NoSuchMethodError'{0x000000008d5e2b18}: <clinit>> (0x000000008d5e2b18) thrown at [./src/hotspot/share/prims/jni.cpp, line 1366]
Event: 433.867 Thread 0x00000220f5609000 Exception <a 'java/lang/NoSuchMethodError'{0x000000008d5e5f80}: <clinit>> (0x000000008d5e5f80) thrown at [./src/hotspot/share/prims/jni.cpp, line 1366]
Event: 433.868 Thread 0x00000220f5609000 Exception <a 'java/lang/NoSuchMethodError'{0x000000008d5e8bf0}: <clinit>> (0x000000008d5e8bf0) thrown at [./src/hotspot/share/prims/jni.cpp, line 1366]
Event: 433.870 Thread 0x00000220f5609000 Exception <a 'java/lang/NoSuchMethodError'{0x000000008d401478}: <clinit>> (0x000000008d401478) thrown at [./src/hotspot/share/prims/jni.cpp, line 1366]
Event: 433.873 Thread 0x00000220f5609000 Exception <a 'java/lang/NoSuchMethodError'{0x000000008d418798}: <clinit>> (0x000000008d418798) thrown at [./src/hotspot/share/prims/jni.cpp, line 1366]
Event: 433.876 Thread 0x00000220f5609000 Exception <a 'java/lang/NoSuchMethodError'{0x000000008d42d218}: <clinit>> (0x000000008d42d218) thrown at [./src/hotspot/share/prims/jni.cpp, line 1366]
Event: 433.893 Thread 0x00000220f5609000 Exception <a 'java/lang/NoSuchMethodError'{0x000000008d44fee8}: <clinit>> (0x000000008d44fee8) thrown at [./src/hotspot/share/prims/jni.cpp, line 1366]
Event: 433.898 Thread 0x00000220f5609000 Exception <a 'java/lang/NoSuchMethodError'{0x000000008d4792e0}: <clinit>> (0x000000008d4792e0) thrown at [./src/hotspot/share/prims/jni.cpp, line 1366]
Event: 433.901 Thread 0x00000220f5609000 Exception <a 'java/lang/NoSuchMethodError'{0x000000008d48db88}: <clinit>> (0x000000008d48db88) thrown at [./src/hotspot/share/prims/jni.cpp, line 1366]

Events (20 events):
Event: 434.053 loading class org/apache/xerces/dom/DOMImplementationImpl
Event: 434.053 loading class org/apache/xerces/dom/DOMImplementationImpl done
Event: 434.054 loading class org/w3c/dom/DOMImplementation
Event: 434.055 loading class org/w3c/dom/DOMImplementation done
Event: 434.055 loading class org/apache/xerces/dom/CoreDOMImplementationImpl
Event: 434.055 loading class org/apache/xerces/dom/CoreDOMImplementationImpl done
Event: 434.056 loading class org/w3c/dom/ls/DOMImplementationLS
Event: 434.056 loading class org/w3c/dom/ls/DOMImplementationLS done
Event: 434.056 loading class org/w3c/dom/ls/LSOutput
Event: 434.056 loading class org/w3c/dom/ls/LSOutput done
Event: 434.056 loading class org/w3c/dom/ls/LSInput
Event: 434.057 loading class org/w3c/dom/ls/LSInput done
Event: 434.057 loading class org/w3c/dom/ls/LSParser
Event: 434.058 loading class org/w3c/dom/ls/LSParser done
Event: 434.058 loading class org/w3c/dom/ls/LSSerializer
Event: 434.059 loading class org/w3c/dom/ls/LSSerializer done
Event: 434.060 loading class org/apache/xerces/dom/DeferredDOMImplementationImpl
Event: 434.060 loading class org/apache/xerces/dom/DeferredDOMImplementationImpl done
Event: 434.258 loading class com/android/utils/XmlUtils$PositionAwareStringBuilder
Event: 434.258 loading class com/android/utils/XmlUtils$PositionAwareStringBuilder done


Dynamic libraries:
0x00007ff7e92a0000 - 0x00007ff7e92aa000 	C:\Program Files\Android\Android Studio\jre\bin\java.exe
0x00007ff89d2f0000 - 0x00007ff89d4e8000 	C:\Windows\SYSTEM32\ntdll.dll
0x00007ff89d1d0000 - 0x00007ff89d28f000 	C:\Windows\System32\KERNEL32.DLL
0x00007ff89abe0000 - 0x00007ff89aeb2000 	C:\Windows\System32\KERNELBASE.dll
0x00007ff89aff0000 - 0x00007ff89b0f0000 	C:\Windows\System32\ucrtbase.dll
0x00007ff895420000 - 0x00007ff895439000 	C:\Program Files\Android\Android Studio\jre\bin\jli.dll
0x00007ff891b00000 - 0x00007ff891b17000 	C:\Program Files\Android\Android Studio\jre\bin\VCRUNTIME140.dll
0x00007ff89b9f0000 - 0x00007ff89bb8d000 	C:\Windows\System32\USER32.dll
0x00007ff89b250000 - 0x00007ff89b272000 	C:\Windows\System32\win32u.dll
0x00007ff88d080000 - 0x00007ff88d31a000 	C:\Windows\WinSxS\amd64_microsoft.windows.common-controls_6595b64144ccf1df_6.0.19041.1110_none_60b5254171f9507e\COMCTL32.dll
0x00007ff89cd30000 - 0x00007ff89cd5b000 	C:\Windows\System32\GDI32.dll
0x00007ff89b340000 - 0x00007ff89b3de000 	C:\Windows\System32\msvcrt.dll
0x00007ff89aa20000 - 0x00007ff89ab2f000 	C:\Windows\System32\gdi32full.dll
0x00007ff89af50000 - 0x00007ff89afed000 	C:\Windows\System32\msvcp_win.dll
0x00007ff89b3e0000 - 0x00007ff89b412000 	C:\Windows\System32\IMM32.DLL
0x00007ff86c500000 - 0x00007ff86c59d000 	C:\Program Files\Android\Android Studio\jre\bin\msvcp140.dll
0x00007ff82fe30000 - 0x00007ff830932000 	C:\Program Files\Android\Android Studio\jre\bin\server\jvm.dll
0x00007ff89b860000 - 0x00007ff89b90e000 	C:\Windows\System32\ADVAPI32.dll
0x00007ff89bba0000 - 0x00007ff89bc3c000 	C:\Windows\System32\sechost.dll
0x00007ff89cc00000 - 0x00007ff89cd25000 	C:\Windows\System32\RPCRT4.dll
0x00007ff89c150000 - 0x00007ff89c158000 	C:\Windows\System32\PSAPI.DLL
0x00007ff8981e0000 - 0x00007ff8981e9000 	C:\Windows\SYSTEM32\WSOCK32.dll
0x00007ff890560000 - 0x00007ff890587000 	C:\Windows\SYSTEM32\WINMM.dll
0x00007ff89b780000 - 0x00007ff89b7eb000 	C:\Windows\System32\WS2_32.dll
0x00007ff892fe0000 - 0x00007ff892fea000 	C:\Windows\SYSTEM32\VERSION.dll
0x00007ff8988b0000 - 0x00007ff8988c2000 	C:\Windows\SYSTEM32\kernel.appcore.dll
0x00007ff8981c0000 - 0x00007ff8981d1000 	C:\Program Files\Android\Android Studio\jre\bin\verify.dll
0x00007ff888a70000 - 0x00007ff888c54000 	C:\Windows\SYSTEM32\DBGHELP.DLL
0x00007ff888a40000 - 0x00007ff888a6c000 	C:\Windows\SYSTEM32\dbgcore.DLL
0x00007ff89aec0000 - 0x00007ff89af42000 	C:\Windows\System32\bcryptPrimitives.dll
0x00007ff895540000 - 0x00007ff895569000 	C:\Program Files\Android\Android Studio\jre\bin\java.dll
0x00007ff8981b0000 - 0x00007ff8981bb000 	C:\Program Files\Android\Android Studio\jre\bin\jimage.dll
0x00007ff8980c0000 - 0x00007ff8980d8000 	C:\Program Files\Android\Android Studio\jre\bin\zip.dll
0x00007ff89c370000 - 0x00007ff89cab3000 	C:\Windows\System32\SHELL32.dll
0x00007ff898ab0000 - 0x00007ff899242000 	C:\Windows\SYSTEM32\windows.storage.dll
0x00007ff89b420000 - 0x00007ff89b774000 	C:\Windows\System32\combase.dll
0x00007ff89a450000 - 0x00007ff89a480000 	C:\Windows\SYSTEM32\Wldp.dll
0x00007ff89cac0000 - 0x00007ff89cb6d000 	C:\Windows\System32\SHCORE.dll
0x00007ff89c040000 - 0x00007ff89c095000 	C:\Windows\System32\shlwapi.dll
0x00007ff89a930000 - 0x00007ff89a94f000 	C:\Windows\SYSTEM32\profapi.dll
0x00007ff895520000 - 0x00007ff89553a000 	C:\Program Files\Android\Android Studio\jre\bin\net.dll
0x00007ff88e2c0000 - 0x00007ff88e3cc000 	C:\Windows\SYSTEM32\WINHTTP.dll
0x00007ff89a1b0000 - 0x00007ff89a21a000 	C:\Windows\system32\mswsock.dll
0x00007ff895400000 - 0x00007ff895414000 	C:\Program Files\Android\Android Studio\jre\bin\nio.dll
0x00007ff88c990000 - 0x00007ff88c9b7000 	C:\Users\george\.gradle\native\e1d6ef7f7dcc3fd88c89a11ec53ec762bb8ba0a96d01ffa2cd45eb1d1d8dd5c5\windows-amd64\native-platform.dll
0x00007ff86a9e0000 - 0x00007ff86ab24000 	C:\Users\george\.gradle\native\0d407fdbe67a94daf76414ababcb853783967236a71b16ec16e742cd7a986fd3\windows-amd64\native-platform-file-events.dll
0x00007ff897c40000 - 0x00007ff897c4a000 	C:\Program Files\Android\Android Studio\jre\bin\management.dll
0x00007ff896380000 - 0x00007ff89638d000 	C:\Program Files\Android\Android Studio\jre\bin\management_ext.dll
0x00007ff89a3b0000 - 0x00007ff89a3c8000 	C:\Windows\SYSTEM32\CRYPTSP.dll
0x00007ff8999e0000 - 0x00007ff899a14000 	C:\Windows\system32\rsaenh.dll
0x00007ff89a9f0000 - 0x00007ff89aa17000 	C:\Windows\System32\bcrypt.dll
0x00007ff89a8f0000 - 0x00007ff89a91e000 	C:\Windows\SYSTEM32\USERENV.dll
0x00007ff89a3a0000 - 0x00007ff89a3ac000 	C:\Windows\SYSTEM32\CRYPTBASE.dll
0x00007ff899e30000 - 0x00007ff899e6b000 	C:\Windows\SYSTEM32\IPHLPAPI.DLL
0x00007ff89bb90000 - 0x00007ff89bb98000 	C:\Windows\System32\NSI.dll
0x00007ff891990000 - 0x00007ff8919a7000 	C:\Windows\SYSTEM32\dhcpcsvc6.DLL
0x00007ff892ff0000 - 0x00007ff89300d000 	C:\Windows\SYSTEM32\dhcpcsvc.DLL
0x00007ff899e90000 - 0x00007ff899f5a000 	C:\Windows\SYSTEM32\DNSAPI.dll

dbghelp: loaded successfully - version: 4.0.5 - missing functions: none
symbol engine: initialized successfully - sym options: 0x614 - pdb path: .;C:\Program Files\Android\Android Studio\jre\bin;C:\Windows\SYSTEM32;C:\Windows\WinSxS\amd64_microsoft.windows.common-controls_6595b64144ccf1df_6.0.19041.1110_none_60b5254171f9507e;C:\Program Files\Android\Android Studio\jre\bin\server;C:\Users\george\.gradle\native\e1d6ef7f7dcc3fd88c89a11ec53ec762bb8ba0a96d01ffa2cd45eb1d1d8dd5c5\windows-amd64;C:\Users\george\.gradle\native\0d407fdbe67a94daf76414ababcb853783967236a71b16ec16e742cd7a986fd3\windows-amd64

VM Arguments:
jvm_args: --add-opens=java.base/java.util=ALL-UNNAMED --add-opens=java.base/java.lang=ALL-UNNAMED --add-opens=java.base/java.lang.invoke=ALL-UNNAMED --add-opens=java.base/java.util=ALL-UNNAMED --add-opens=java.prefs/java.util.prefs=ALL-UNNAMED --add-opens=java.prefs/java.util.prefs=ALL-UNNAMED --add-opens=java.base/java.nio.charset=ALL-UNNAMED --add-opens=java.base/java.net=ALL-UNNAMED --add-opens=java.base/java.util.concurrent.atomic=ALL-UNNAMED -Xmx2048m -Dfile.encoding=UTF-8 -Duser.country=US -Duser.language=en -Duser.variant 
java_command: org.gradle.launcher.daemon.bootstrap.GradleDaemon 7.4
java_class_path (initial): C:\Users\george\.gradle\wrapper\dists\gradle-7.4-bin\c0gwcg53nkjbqw7r0h0umtfvt\gradle-7.4\lib\gradle-launcher-7.4.jar
Launcher Type: SUN_STANDARD

[Global flags]
     intx CICompilerCount                          = 3                                         {product} {ergonomic}
     uint ConcGCThreads                            = 1                                         {product} {ergonomic}
     uint G1ConcRefinementThreads                  = 4                                         {product} {ergonomic}
   size_t G1HeapRegionSize                         = 1048576                                   {product} {ergonomic}
    uintx GCDrainStackTargetSize                   = 64                                        {product} {ergonomic}
   size_t InitialHeapSize                          = 132120576                                 {product} {ergonomic}
   size_t MarkStackSize                            = 4194304                                   {product} {ergonomic}
   size_t MaxHeapSize                              = 2147483648                                {product} {command line}
   size_t MaxNewSize                               = 1287651328                                {product} {ergonomic}
   size_t MinHeapDeltaBytes                        = 1048576                                   {product} {ergonomic}
    uintx NonNMethodCodeHeapSize                   = 5830732                                {pd product} {ergonomic}
    uintx NonProfiledCodeHeapSize                  = 122913754                              {pd product} {ergonomic}
    uintx ProfiledCodeHeapSize                     = 122913754                              {pd product} {ergonomic}
    uintx ReservedCodeCacheSize                    = 251658240                              {pd product} {ergonomic}
     bool SegmentedCodeCache                       = true                                      {product} {ergonomic}
     bool UseCompressedClassPointers               = true                                 {lp64_product} {ergonomic}
     bool UseCompressedOops                        = true                                 {lp64_product} {ergonomic}
     bool UseG1GC                                  = true                                      {product} {ergonomic}
     bool UseLargePagesIndividualAllocation        = false                                  {pd product} {ergonomic}

Logging:
Log output configuration:
 #0: stdout all=warning uptime,level,tags
 #1: stderr all=off uptime,level,tags

Environment Variables:
PATH=C:\Program Files\Common Files\Oracle\Java\javapath;C:\Windows\system32;C:\Windows;C:\Windows\System32\Wbem;C:\Windows\System32\WindowsPowerShell\v1.0\;C:\Windows\System32\OpenSSH\;C:\Program Files\Git\cmd;C:\xampp\php;C:\ProgramData\ComposerSetup\bin;C:\Users\george\AppData\Local\Microsoft\WindowsApps;C:\Program Files\heroku\bin;C:\Users\george\AppData\Local\Programs\Microsoft VS Code\bin;C:\Users\george\AppData\Roaming\Composer\vendor\bin
USERNAME=george
OS=Windows_NT
PROCESSOR_IDENTIFIER=Intel64 Family 6 Model 37 Stepping 5, GenuineIntel



---------------  S Y S T E M  ---------------

OS: Windows 10 , 64 bit Build 19041 (10.0.19041.2251)
OS uptime: 0 days 7:06 hours

CPU:total 4 (initial active 4) (2 cores per cpu, 2 threads per core) family 6 model 37 stepping 5 microcode 0x7, cmov, cx8, fxsr, mmx, sse, sse2, sse3, ssse3, sse4.1, sse4.2, popcnt, aes, clmul, ht, tsc, tscinvbit

Memory: 4k page, system-wide physical 8040M (467M free)
TotalPageFile size 18918M (AvailPageFile size 5861M)
current process WorkingSet (physical memory assigned to process): 411M, peak: 445M
current process commit charge ("private bytes"): 564M, peak: 567M

vm_info: OpenJDK 64-Bit Server VM (11.0.13+0-b1751.21-8125866) for windows-amd64 JRE (11.0.13+0-b1751.21-8125866), built on Feb  2 2022 03:00:22 by "builder" with MS VC++ 14.0 (VS2015)

END.
